1675664872819	geckodriver	INFO	Listening on 127.0.0.1:52874
1675664876154	mozrunner::runner	INFO	Running command: "C:\\Program Files\\Mozilla Firefox\\firefox.exe" "--marionette" "--remote-debugging-port" "52875" "--remote-allow-hosts" "localhost" "-no-remote" "-profile" "C:\\Users\\DAFFOD~1\\AppData\\Local\\Temp\\rust_mozprofileM60bag"
[Child 10456, Chrome_ChildThread] WARNING: pipe error: 109: file z:/build/build/src/ipc/chromium/src/chrome/common/ipc_channel_win.cc, line 346
1675664894260	Marionette	INFO	Listening on port 52882
1675664894791	Marionette	WARN	TLS certificate errors will be ignored for this session
1675664895042	Marionette	DEBUG	[4294967297] Frame script loaded
1675664895064	Marionette	DEBUG	[4294967297] Frame script registered
[Child 8640, Chrome_ChildThread] WARNING: pipe error: 109: file z:/build/build/src/ipc/chromium/src/chrome/common/ipc_channel_win.cc, line 346
[Child 8640, Chrome_ChildThread] WARNING: pipe error: 109: file z:/build/build/src/ipc/chromium/src/chrome/common/ipc_channel_win.cc, line 346
1675664965355	Marionette	INFO	Stopped listening on port 52882
[GPU 12844, Chrome_ChildThread] WARNING: pipe error: 109: file z:/build/build/src/ipc/chromium/src/chrome/common/ipc_channel_win.cc, line 346

###!!! [Child][MessageChannel::SendAndWait] Error: Channel error: cannot send/recv

1675664990594	geckodriver	INFO	Listening on 127.0.0.1:52921
1675664993624	mozrunner::runner	INFO	Running command: "C:\\Program Files\\Mozilla Firefox\\firefox.exe" "--marionette" "--remote-debugging-port" "52922" "--remote-allow-hosts" "localhost" "-no-remote" "-profile" "C:\\Users\\DAFFOD~1\\AppData\\Local\\Temp\\rust_mozprofileUR309g"
1675665002605	Marionette	INFO	Listening on port 52927
1675665002753	Marionette	WARN	TLS certificate errors will be ignored for this session
1675665002871	Marionette	DEBUG	[6442450945] Frame script loaded
1675665002875	Marionette	DEBUG	[6442450945] Frame script registered
[Child 4232, Chrome_ChildThread] WARNING: pipe error: 109: file z:/build/build/src/ipc/chromium/src/chrome/common/ipc_channel_win.cc, line 346
[Child 4232, Chrome_ChildThread] WARNING: pipe error: 109: file z:/build/build/src/ipc/chromium/src/chrome/common/ipc_channel_win.cc, line 346
1675665011068	Marionette	INFO	Stopped listening on port 52927

###!!! [Child][MessageChannel::SendAndWait] Error: Channel error: cannot send/recv

1675665023150	geckodriver	INFO	Listening on 127.0.0.1:52955
1675665026183	mozrunner::runner	INFO	Running command: "C:\\Program Files\\Mozilla Firefox\\firefox.exe" "--marionette" "--remote-debugging-port" "52956" "--remote-allow-hosts" "localhost" "-no-remote" "-profile" "C:\\Users\\DAFFOD~1\\AppData\\Local\\Temp\\rust_mozprofile21ouFk"
1675665034728	Marionette	INFO	Listening on port 52961
1675665034830	Marionette	WARN	TLS certificate errors will be ignored for this session
1675665042690	Marionette	DEBUG	[6442450945] Frame script loaded
1675665042693	Marionette	DEBUG	[6442450945] Frame script registered
[Parent 8360, Gecko_IOThread] WARNING: pipe error: 109: file z:/build/build/src/ipc/chromium/src/chrome/common/ipc_channel_win.cc, line 346
[Child 9768, Chrome_ChildThread] WARNING: pipe error: 109: file z:/build/build/src/ipc/chromium/src/chrome/common/ipc_channel_win.cc, line 346
[Child 9564, Chrome_ChildThread] WARNING: pipe error: 109: file z:/build/build/src/ipc/chromium/src/chrome/common/ipc_channel_win.cc, line 346
[Child 9564, Chrome_ChildThread] WARNING: pipe error: 109: file z:/build/build/src/ipc/chromium/src/chrome/common/ipc_channel_win.cc, line 346
1675665180733	Marionette	INFO	Stopped listening on port 52961

###!!! [Child][MessageChannel::SendAndWait] Error: Channel error: cannot send/recv

1675669416393	geckodriver	INFO	Listening on 127.0.0.1:53690
1675669419688	mozrunner::runner	INFO	Running command: "C:\\Program Files\\Mozilla Firefox\\firefox.exe" "--marionette" "--remote-debugging-port" "53691" "--remote-allow-hosts" "localhost" "-no-remote" "-profile" "C:\\Users\\DAFFOD~1\\AppData\\Local\\Temp\\rust_mozprofilevk5jNf"
1675669448154	Marionette	INFO	Listening on port 53696
1675669449172	Marionette	WARN	TLS certificate errors will be ignored for this session
1675669449392	Marionette	DEBUG	[4294967297] Frame script loaded
1675669449512	Marionette	DEBUG	[4294967297] Frame script registered
[Child 12592, Chrome_ChildThread] WARNING: pipe error: 109: file z:/build/build/src/ipc/chromium/src/chrome/common/ipc_channel_win.cc, line 346
[Child 12592, Chrome_ChildThread] WARNING: pipe error: 109: file z:/build/build/src/ipc/chromium/src/chrome/common/ipc_channel_win.cc, line 346
[Parent 3620, Gecko_IOThread] WARNING: pipe error: 109: file z:/build/build/src/ipc/chromium/src/chrome/common/ipc_channel_win.cc, line 346
[Child 11864, Chrome_ChildThread] WARNING: pipe error: 109: file z:/build/build/src/ipc/chromium/src/chrome/common/ipc_channel_win.cc, line 346
[Child 11864, Chrome_ChildThread] WARNING: pipe error: 109: file z:/build/build/src/ipc/chromium/src/chrome/common/ipc_channel_win.cc, line 346
1675669459485	Marionette	INFO	Stopped listening on port 53696
[GPU 14152, Chrome_ChildThread] WARNING: pipe error: 109: file z:/build/build/src/ipc/chromium/src/chrome/common/ipc_channel_win.cc, line 346

###!!! [Child][MessageChannel::SendAndWait] Error: Channel error: cannot send/recv

1675669486839	geckodriver	INFO	Listening on 127.0.0.1:53737
1675669489963	mozrunner::runner	INFO	Running command: "C:\\Program Files\\Mozilla Firefox\\firefox.exe" "--marionette" "--remote-debugging-port" "53738" "--remote-allow-hosts" "localhost" "-no-remote" "-profile" "C:\\Users\\DAFFOD~1\\AppData\\Local\\Temp\\rust_mozprofileELCEb0"
1675669498320	Marionette	INFO	Listening on port 53745
1675669498452	Marionette	WARN	TLS certificate errors will be ignored for this session
1675669501760	Marionette	DEBUG	[6442450945] Frame script loaded
1675669501765	Marionette	DEBUG	[6442450945] Frame script registered
1675669502413	Marionette	INFO	Stopped listening on port 53745
1675669502494	addons.xpi	WARN	Exception running bootstrap method shutdown on activity-stream@mozilla.org: [Exception... "Component returned failure code: 0x80070057 (NS_ERROR_ILLEGAL_VALUE) [nsIPrefBranch.removeObserver]"  nsresult: "0x80070057 (NS_ERROR_ILLEGAL_VALUE)"  location: "JS frame :: resource://activity-stream/lib/ActivityStreamPrefs.jsm :: ignoreBranch :: line 29"  data: no] Stack trace: ignoreBranch()@resource://activity-stream/lib/ActivityStreamPrefs.jsm:29
uninit()@resource://activity-stream/lib/Store.jsm:172
uninit()@resource://activity-stream/lib/ActivityStream.jsm:363
uninit()@resource://gre/modules/addons/XPIProvider.jsm -> jar:file:///C:/Program%20Files/Mozilla%20Firefox/browser/features/activity-stream@mozilla.org.xpi!/bootstrap.js:86
shutdown()@resource://gre/modules/addons/XPIProvider.jsm -> jar:file:///C:/Program%20Files/Mozilla%20Firefox/browser/features/activity-stream@mozilla.org.xpi!/bootstrap.js:194
callBootstrapMethod()@resource://gre/modules/addons/XPIProvider.jsm:1592
_shutdown()@resource://gre/modules/addons/XPIProvider.jsm:1728
flushAllWindowsAsync()@resource:///modules/sessionstore/SessionStore.jsm:1697
ssi_onQuitApplicationGranted/<()@resource:///modules/sessionstore/SessionStore.jsm:1624
trigger()@resource://gre/modules/AsyncShutdown.jsm:710
_wait()@resource://gre/modules/AsyncShutdown.jsm:857
wait()@resource://gre/modules/AsyncShutdown.jsm:841
observe()@resource://gre/modules/AsyncShutdown.jsm:524
GeckoDriver.prototype.quit()@driver.js:3319
despatch()@server.js:297
execute()@server.js:271
onPacket/<()@server.js:246
onPacket()@server.js:245
_onJSONObjectReady/<()@transport.js:500
[GPU 5936, Chrome_ChildThread] WARNING: pipe error: 109: file z:/build/build/src/ipc/chromium/src/chrome/common/ipc_channel_win.cc, line 346
1675669529033	geckodriver	INFO	Listening on 127.0.0.1:53774
1675669531976	mozrunner::runner	INFO	Running command: "C:\\Program Files\\Mozilla Firefox\\firefox.exe" "--marionette" "--remote-debugging-port" "53775" "--remote-allow-hosts" "localhost" "-no-remote" "-profile" "C:\\Users\\DAFFOD~1\\AppData\\Local\\Temp\\rust_mozprofileSGyS4V"
1675669539824	Marionette	INFO	Listening on port 53780
1675669540072	Marionette	WARN	TLS certificate errors will be ignored for this session
1675669547228	Marionette	DEBUG	[6442450945] Frame script loaded
1675669547258	Marionette	DEBUG	[6442450945] Frame script registered
1675669547318	Marionette	INFO	Stopped listening on port 53780
[Child 7460, Chrome_ChildThread] WARNING: pipe error: 109: file z:/build/build/src/ipc/chromium/src/chrome/common/ipc_channel_win.cc, line 346
[Child 7460, Chrome_ChildThread] WARNING: pipe error: 109: file z:/build/build/src/ipc/chromium/src/chrome/common/ipc_channel_win.cc, line 346
[Child 5552, Chrome_ChildThread] WARNING: pipe error: 109: file z:/build/build/src/ipc/chromium/src/chrome/common/ipc_channel_win.cc, line 346
[Child 5552, Chrome_ChildThread] WARNING: pipe error: 109: file z:/build/build/src/ipc/chromium/src/chrome/common/ipc_channel_win.cc, line 346
[GPU 13116, Chrome_ChildThread] WARNING: pipe error: 109: file z:/build/build/src/ipc/chromium/src/chrome/common/ipc_channel_win.cc, line 346

###!!! [Child][MessageChannel::SendAndWait] Error: Channel error: cannot send/recv

1675675693012	geckodriver	INFO	Listening on 127.0.0.1:54078
1675675696353	mozrunner::runner	INFO	Running command: "C:\\Program Files\\Mozilla Firefox\\firefox.exe" "--marionette" "--remote-debugging-port" "54079" "--remote-allow-hosts" "localhost" "-no-remote" "-profile" "C:\\Users\\DAFFOD~1\\AppData\\Local\\Temp\\rust_mozprofile9amTVo"
1675675718509	Marionette	INFO	Listening on port 54084
1675675719117	Marionette	WARN	TLS certificate errors will be ignored for this session
1675675719253	Marionette	DEBUG	[4294967297] Frame script loaded
1675675719259	Marionette	DEBUG	[4294967297] Frame script registered
1675675719403	Marionette	INFO	Stopped listening on port 54084
[Child 8420, Chrome_ChildThread] WARNING: pipe error: 109: file z:/build/build/src/ipc/chromium/src/chrome/common/ipc_channel_win.cc, line 346
[Parent 11532, Gecko_IOThread] WARNING: file z:/build/build/src/ipc/chromium/src/base/process_util_win.cc, line 188
[Parent 11532, Gecko_IOThread] WARNING: pipe error: 109: file z:/build/build/src/ipc/chromium/src/chrome/common/ipc_channel_win.cc, line 346
[Child 12336, Chrome_ChildThread] WARNING: pipe error: 109: file z:/build/build/src/ipc/chromium/src/chrome/common/ipc_channel_win.cc, line 346
[Child 12336, Chrome_ChildThread] WARNING: pipe error: 109: file z:/build/build/src/ipc/chromium/src/chrome/common/ipc_channel_win.cc, line 346

###!!! [Child][MessageChannel::SendAndWait] Error: Channel error: cannot send/recv

1675675784424	geckodriver	INFO	Listening on 127.0.0.1:54131
1675675787485	mozrunner::runner	INFO	Running command: "C:\\Program Files\\Mozilla Firefox\\firefox.exe" "--marionette" "--remote-debugging-port" "54132" "--remote-allow-hosts" "localhost" "-no-remote" "-profile" "C:\\Users\\DAFFOD~1\\AppData\\Local\\Temp\\rust_mozprofile4liXlK"
1675675804661	Marionette	INFO	Listening on port 54137
[Child 8176, Chrome_ChildThread] WARNING: pipe error: 109: file z:/build/build/src/ipc/chromium/src/chrome/common/ipc_channel_win.cc, line 346
[Child 8176, Chrome_ChildThread] WARNING: pipe error: 109: file z:/build/build/src/ipc/chromium/src/chrome/common/ipc_channel_win.cc, line 346
1675675804945	Marionette	WARN	TLS certificate errors will be ignored for this session
1675675805147	Marionette	DEBUG	[6442450945] Frame script loaded
1675675805151	Marionette	DEBUG	[6442450945] Frame script registered
1675675805428	Marionette	INFO	Stopped listening on port 54137
[Parent 6376, Gecko_IOThread] WARNING: file z:/build/build/src/ipc/chromium/src/base/process_util_win.cc, line 188
[GPU 11252, Chrome_ChildThread] WARNING: pipe error: 109: file z:/build/build/src/ipc/chromium/src/chrome/common/ipc_channel_win.cc, line 346

###!!! [Child][MessageChannel::SendAndWait] Error: Channel error: cannot send/recv

