1675946233839	geckodriver	INFO	Listening on 127.0.0.1:49426
1675946237130	mozrunner::runner	INFO	Running command: "C:\\Program Files\\Mozilla Firefox\\firefox.exe" "--marionette" "--remote-debugging-port" "49427" "--remote-allow-hosts" "localhost" "-no-remote" "-profile" "C:\\Users\\DAFFOD~1\\AppData\\Local\\Temp\\rust_mozprofileNiHtVi"
1675946242051	addons.webextension.doh-rollout@mozilla.org	WARN	Loading extension 'doh-rollout@mozilla.org': Reading manifest: Invalid extension permission: networkStatus
1675946242786	addons.webextension.screenshots@mozilla.org	WARN	Loading extension 'screenshots@mozilla.org': Reading manifest: Invalid extension permission: mozillaAddons
1675946242796	addons.webextension.screenshots@mozilla.org	WARN	Loading extension 'screenshots@mozilla.org': Reading manifest: Invalid extension permission: telemetry
1675946242797	addons.webextension.screenshots@mozilla.org	WARN	Loading extension 'screenshots@mozilla.org': Reading manifest: Invalid extension permission: resource://pdf.js/
1675946242797	addons.webextension.screenshots@mozilla.org	WARN	Loading extension 'screenshots@mozilla.org': Reading manifest: Invalid extension permission: about:reader*
JavaScript error: resource://gre/modules/XULStore.jsm, line 66: Error: Can't find profile directory.
console.error: "Could not write session state file " (new Error("_initWorker called too early! Please read the session file from disk first.", "resource:///modules/sessionstore/SessionFile.jsm", 375)) "_initWorker/<@resource:///modules/sessionstore/SessionFile.jsm:375:15\n_initWorker@resource:///modules/sessionstore/SessionFile.jsm:368:12\n_postToWorker@resource:///modules/sessionstore/SessionFile.jsm:410:16\nwrite@resource:///modules/sessionstore/SessionFile.jsm:448:24\nwrite@resource:///modules/sessionstore/SessionFile.jsm:75:32\n_writeState@resource:///modules/sessionstore/SessionSaver.jsm:360:24\n_saveState@resource:///modules/sessionstore/SessionSaver.jsm:294:17\n_saveStateAsync@resource:///modules/sessionstore/SessionSaver.jsm:344:10\nsaveStateAsyncWhenIdle@resource:///modules/sessionstore/SessionSaver.jsm:191:14\ncallback@resource://gre/modules/Timer.jsm:125:16\n"
A content process crashed and MOZ_CRASHREPORTER_SHUTDOWN is set, shutting down
[GFX1-]: WMF VPX decoder just crashed; hardware video will be disabled.

###!!! [Parent][MessageChannel] Error: (msgtype=0x37006B,name=PContent::Msg_SuspendInputEventQueue) Channel error: cannot send/recv


###!!! [Parent][MessageChannel] Error: (msgtype=0x370069,name=PContent::Msg_FlushInputEventQueue) Channel error: cannot send/recv


###!!! [Parent][MessageChannel] Error: (msgtype=0x37006A,name=PContent::Msg_ResumeInputEventQueue) Channel error: cannot send/recv


###!!! [Parent][MessageChannel] Error: (msgtype=0x37004B,name=PContent::Msg_Shutdown) Channel error: cannot send/recv

A content process crashed and MOZ_CRASHREPORTER_SHUTDOWN is set, shutting down
console.error: "Could not write session state file " (new Error("_initWorker called too early! Please read the session file from disk first.", "resource:///modules/sessionstore/SessionFile.jsm", 375)) "_initWorker/<@resource:///modules/sessionstore/SessionFile.jsm:375:15\n_initWorker@resource:///modules/sessionstore/SessionFile.jsm:368:12\n_postToWorker@resource:///modules/sessionstore/SessionFile.jsm:410:16\nwrite@resource:///modules/sessionstore/SessionFile.jsm:448:24\nwrite@resource:///modules/sessionstore/SessionFile.jsm:75:32\n_writeState@resource:///modules/sessionstore/SessionSaver.jsm:360:24\n_saveState@resource:///modules/sessionstore/SessionSaver.jsm:294:17\n_saveStateAsync@resource:///modules/sessionstore/SessionSaver.jsm:344:10\nsaveStateAsyncWhenIdle@resource:///modules/sessionstore/SessionSaver.jsm:191:14\ncallback@resource://gre/modules/Timer.jsm:125:16\n"
1675946304071	addons.xpi-utils	WARN	Error: XPI database modified after shutdown began(resource://gre/modules/addons/XPIDatabase.jsm:1478:17) JS Stack trace: saveChanges@XPIDatabase.jsm:1478:17
makeAddonVisible@XPIDatabase.jsm:2281:10
addToDatabase@XPIDatabase.jsm:2208:12
install@XPIInstall.jsm:4343:27
_activateAddon@XPIInstall.jsm:4370:7
1675946304250	addons.xpi-utils	WARN	Error: XPI database modified after shutdown began(resource://gre/modules/addons/XPIDatabase.jsm:1478:17) JS Stack trace: saveChanges@XPIDatabase.jsm:1478:17
addToDatabase@XPIDatabase.jsm:2211:10
install@XPIInstall.jsm:4343:27
_activateAddon@XPIInstall.jsm:4370:7
1675946305685	addons.xpi-utils	WARN	Error: XPI database modified after shutdown began(resource://gre/modules/addons/XPIDatabase.jsm:1478:17) JS Stack trace: saveChanges@XPIDatabase.jsm:1478:17
makeAddonVisible@XPIDatabase.jsm:2281:10
addToDatabase@XPIDatabase.jsm:2208:12
install@XPIInstall.jsm:4343:27
_activateAddon@XPIInstall.jsm:4370:7
1675946305686	addons.xpi-utils	WARN	Error: XPI database modified after shutdown began(resource://gre/modules/addons/XPIDatabase.jsm:1478:17) JS Stack trace: saveChanges@XPIDatabase.jsm:1478:17
addToDatabase@XPIDatabase.jsm:2211:10
install@XPIInstall.jsm:4343:27
_activateAddon@XPIInstall.jsm:4370:7
1675946305739	addons.xpi-utils	WARN	Error: XPI database modified after shutdown began(resource://gre/modules/addons/XPIDatabase.jsm:1478:17) JS Stack trace: saveChanges@XPIDatabase.jsm:1478:17
makeAddonVisible@XPIDatabase.jsm:2281:10
addToDatabase@XPIDatabase.jsm:2208:12
install@XPIInstall.jsm:4343:27
_activateAddon@XPIInstall.jsm:4370:7
1675946305739	addons.xpi-utils	WARN	Error: XPI database modified after shutdown began(resource://gre/modules/addons/XPIDatabase.jsm:1478:17) JS Stack trace: saveChanges@XPIDatabase.jsm:1478:17
addToDatabase@XPIDatabase.jsm:2211:10
install@XPIInstall.jsm:4343:27
_activateAddon@XPIInstall.jsm:4370:7
1675946305787	addons.xpi-utils	WARN	Error: XPI database modified after shutdown began(resource://gre/modules/addons/XPIDatabase.jsm:1478:17) JS Stack trace: saveChanges@XPIDatabase.jsm:1478:17
makeAddonVisible@XPIDatabase.jsm:2281:10
addToDatabase@XPIDatabase.jsm:2208:12
install@XPIInstall.jsm:4343:27
_activateAddon@XPIInstall.jsm:4370:7
1675946305788	addons.xpi-utils	WARN	Error: XPI database modified after shutdown began(resource://gre/modules/addons/XPIDatabase.jsm:1478:17) JS Stack trace: saveChanges@XPIDatabase.jsm:1478:17
addToDatabase@XPIDatabase.jsm:2211:10
install@XPIInstall.jsm:4343:27
_activateAddon@XPIInstall.jsm:4370:7
1675946306010	addons.xpi-utils	WARN	Error: XPI database modified after shutdown began(resource://gre/modules/addons/XPIDatabase.jsm:1478:17) JS Stack trace: saveChanges@XPIDatabase.jsm:1478:17
makeAddonVisible@XPIDatabase.jsm:2281:10
addToDatabase@XPIDatabase.jsm:2208:12
install@XPIInstall.jsm:4343:27
_activateAddon@XPIInstall.jsm:4370:7
1675946306010	addons.xpi-utils	WARN	Error: XPI database modified after shutdown began(resource://gre/modules/addons/XPIDatabase.jsm:1478:17) JS Stack trace: saveChanges@XPIDatabase.jsm:1478:17
addToDatabase@XPIDatabase.jsm:2211:10
install@XPIInstall.jsm:4343:27
_activateAddon@XPIInstall.jsm:4370:7
1675946306192	addons.xpi-utils	WARN	Error: XPI database modified after shutdown began(resource://gre/modules/addons/XPIDatabase.jsm:1478:17) JS Stack trace: saveChanges@XPIDatabase.jsm:1478:17
makeAddonVisible@XPIDatabase.jsm:2281:10
addToDatabase@XPIDatabase.jsm:2208:12
install@XPIInstall.jsm:4343:27
_activateAddon@XPIInstall.jsm:4370:7
1675946306193	addons.xpi-utils	WARN	Error: XPI database modified after shutdown began(resource://gre/modules/addons/XPIDatabase.jsm:1478:17) JS Stack trace: saveChanges@XPIDatabase.jsm:1478:17
addToDatabase@XPIDatabase.jsm:2211:10
install@XPIInstall.jsm:4343:27
_activateAddon@XPIInstall.jsm:4370:7
1675946306607	addons.xpi-utils	WARN	Error: XPI database modified after shutdown began(resource://gre/modules/addons/XPIDatabase.jsm:1478:17) JS Stack trace: saveChanges@XPIDatabase.jsm:1478:17
makeAddonVisible@XPIDatabase.jsm:2281:10
addToDatabase@XPIDatabase.jsm:2208:12
install@XPIInstall.jsm:4343:27
_activateAddon@XPIInstall.jsm:4370:7
1675946306607	addons.xpi-utils	WARN	Error: XPI database modified after shutdown began(resource://gre/modules/addons/XPIDatabase.jsm:1478:17) JS Stack trace: saveChanges@XPIDatabase.jsm:1478:17
addToDatabase@XPIDatabase.jsm:2211:10
install@XPIInstall.jsm:4343:27
_activateAddon@XPIInstall.jsm:4370:7
JavaScript error: resource://gre/modules/UpdateTimerManager.jsm, line 352: TypeError: setting getter-only property "gLogEnabled"
JavaScript error: resource://gre/modules/ModulesPing.jsm, line 70: NS_ERROR_XPC_JAVASCRIPT_ERROR_WITH_DETAILS: [JavaScript Error: "setting getter-only property "gLogEnabled"" {file: "resource://gre/modules/UpdateTimerManager.jsm" line: 352}]'[JavaScript Error: "setting getter-only property "gLogEnabled"" {file: "resource://gre/modules/UpdateTimerManager.jsm" line: 352}]' when calling method: [nsIUpdateTimerManager::registerTimer]

###!!! [Child][RunMessage] Error: Channel closing: too late to send/recv, messages will be lost


###!!! [Child][MessageChannel::SendAndWait] Error: Channel error: cannot send/recv

1675946459491	geckodriver	INFO	Listening on 127.0.0.1:49630
1675946464049	mozrunner::runner	INFO	Running command: "C:\\Program Files\\Mozilla Firefox\\firefox.exe" "--marionette" "--remote-debugging-port" "49631" "--remote-allow-hosts" "localhost" "-no-remote" "-profile" "C:\\Users\\DAFFOD~1\\AppData\\Local\\Temp\\rust_mozprofile0ErHsD"
1675946477694	addons.webextension.doh-rollout@mozilla.org	WARN	Loading extension 'doh-rollout@mozilla.org': Reading manifest: Invalid extension permission: networkStatus
1675946478438	addons.webextension.screenshots@mozilla.org	WARN	Loading extension 'screenshots@mozilla.org': Reading manifest: Invalid extension permission: mozillaAddons
1675946478438	addons.webextension.screenshots@mozilla.org	WARN	Loading extension 'screenshots@mozilla.org': Reading manifest: Invalid extension permission: telemetry
1675946478439	addons.webextension.screenshots@mozilla.org	WARN	Loading extension 'screenshots@mozilla.org': Reading manifest: Invalid extension permission: resource://pdf.js/
1675946478440	addons.webextension.screenshots@mozilla.org	WARN	Loading extension 'screenshots@mozilla.org': Reading manifest: Invalid extension permission: about:reader*
JavaScript error: resource://gre/modules/XULStore.jsm, line 66: Error: Can't find profile directory.
JavaScript error: chrome://remote/content/RemoteAgent.jsm, line 36: Error: Remote agent is disabled by preference
1675946500733	Marionette	INFO	Listening on port 49641
DevTools listening on true
1675946501470	Marionette	WARN	TLS certificate errors will be ignored for this session
JavaScript error: resource:///modules/sessionstore/SessionStore.jsm, line 1845: TypeError: subject.QueryInterface is not a function
A content process crashed and MOZ_CRASHREPORTER_SHUTDOWN is set, shutting down
1675947531408	Marionette	INFO	Stopped listening on port 49641
\Users\\DAFFOD~1\\AppData\\Local\\Temp\\rust_mozprofileDwcPd9"
1675947148098	addons.webextension.doh-rollout@mozilla.org	WARN	Loading extension 'doh-rollout@mozilla.org': Reading manifest: Invalid extension permission: networkStatus
1675947148745	addons.webextension.screenshots@mozilla.org	WARN	Loading extension 'screenshots@mozilla.org': Reading manifest: Invalid extension permission: mozillaAddons
1675947148746	addons.webextension.screenshots@mozilla.org	WARN	Loading extension 'screenshots@mozilla.org': Reading manifest: Invalid extension permission: telemetry
1675947148747	addons.webextension.screenshots@mozilla.org	WARN	Loading extension 'screenshots@mozilla.org': Reading manifest: Invalid extension permission: resource://pdf.js/
1675947148747	addons.webextension.screenshots@mozilla.org	WARN	Loading extension 'screenshots@mozilla.org': Reading manifest: Invalid extension permission: about:reader*
JavaScript error: resource://gre/modules/XULStore.jsm, line 66: Error: Can't find profile directory.
JavaScript error: chrome://remote/content/RemoteAgent.jsm, line 36: Error: Remote agent is disabled by preference
1675947182609	Marionette	INFO	Listening on port 50314
DevTools listening on true
1675947182841	Marionette	WARN	TLS certificate errors will be ignored for this session
1675947203993	Marionette	WARN	TimedPromise timed out after 500 ms: stacktrace:
bail@chrome://marionette/content/sync.js:237:64
1675947212123	Marionette	INFO	Stopped listening on port 50314
[Parent 7608, Gecko_IOThread] WARNING: file z:/task_1579288126/build/src/ipc/chromium/src/base/process_util_win.cc, line 160
[Parent 7608, Gecko_IOThread] WARNING: file z:/task_1579288126/build/src/ipc/chromium/src/base/process_util_win.cc, line 160
console.error: (new Error("SessionFile is closed", "resource:///modules/sessionstore/SessionFile.jsm", 433))
1676036633697	geckodriver	INFO	Listening on 127.0.0.1:50105
1676036637116	mozrunner::runner	INFO	Running command: "C:\\Program Files\\Mozilla Firefox\\firefox.exe" "--marionette" "--remote-debugging-port" "50106" "--remote-allow-hosts" "localhost" "-no-remote" "-profile" "C:\\Users\\DAFFOD~1\\AppData\\Local\\Temp\\rust_mozprofilezTFAr9"
1676036642717	addons.webextension.doh-rollout@mozilla.org	WARN	Loading extension 'doh-rollout@mozilla.org': Reading manifest: Invalid extension permission: networkStatus
1676036644598	addons.webextension.screenshots@mozilla.org	WARN	Loading extension 'screenshots@mozilla.org': Reading manifest: Invalid extension permission: mozillaAddons
1676036644598	addons.webextension.screenshots@mozilla.org	WARN	Loading extension 'screenshots@mozilla.org': Reading manifest: Invalid extension permission: telemetry
1676036644600	addons.webextension.screenshots@mozilla.org	WARN	Loading extension 'screenshots@mozilla.org': Reading manifest: Invalid extension permission: resource://pdf.js/
1676036644601	addons.webextension.screenshots@mozilla.org	WARN	Loading extension 'screenshots@mozilla.org': Reading manifest: Invalid extension permission: about:reader*
JavaScript error: resource://gre/modules/XULStore.jsm, line 66: Error: Can't find profile directory.
console.error: "Could not write session state file " (new Error("_initWorker called too early! Please read the session file from disk first.", "resource:///modules/sessionstore/SessionFile.jsm", 375)) "_initWorker/<@resource:///modules/sessionstore/SessionFile.jsm:375:15\n_initWorker@resource:///modules/sessionstore/SessionFile.jsm:368:12\n_postToWorker@resource:///modules/sessionstore/SessionFile.jsm:410:16\nwrite@resource:///modules/sessionstore/SessionFile.jsm:448:24\nwrite@resource:///modules/sessionstore/SessionFile.jsm:75:32\n_writeState@resource:///modules/sessionstore/SessionSaver.jsm:360:24\n_saveState@resource:///modules/sessionstore/SessionSaver.jsm:294:17\n_saveStateAsync@resource:///modules/sessionstore/SessionSaver.jsm:344:10\nsaveStateAsyncWhenIdle@resource:///modules/sessionstore/SessionSaver.jsm:191:14\ncallback@resource://gre/modules/Timer.jsm:125:16\n"
JavaScript error: chrome://remote/content/RemoteAgent.jsm, line 36: Error: Remote agent is disabled by preference
1676036672408	Marionette	INFO	Listening on port 50111
DevTools listening on true
1676036672637	Marionette	WARN	TLS certificate errors will be ignored for this session
JavaScript error: , line 0: uncaught exception: undefined
1676036699198	Marionette	INFO	Stopped listening on port 50111
