1676273014831	geckodriver	INFO	Listening on 127.0.0.1:64252
1676273018081	mozrunner::runner	INFO	Running command: "C:\\Program Files\\Mozilla Firefox\\firefox.exe" "--marionette" "--remote-debugging-port" "64253" "--remote-allow-hosts" "localhost" "-no-remote" "-profile" "C:\\Users\\DAFFOD~1\\AppData\\Local\\Temp\\rust_mozprofileDqaIBf"
1676273021670	addons.webextension.doh-rollout@mozilla.org	WARN	Loading extension 'doh-rollout@mozilla.org': Reading manifest: Invalid extension permission: networkStatus
1676273022133	addons.webextension.screenshots@mozilla.org	WARN	Loading extension 'screenshots@mozilla.org': Reading manifest: Invalid extension permission: mozillaAddons
1676273022134	addons.webextension.screenshots@mozilla.org	WARN	Loading extension 'screenshots@mozilla.org': Reading manifest: Invalid extension permission: telemetry
1676273022134	addons.webextension.screenshots@mozilla.org	WARN	Loading extension 'screenshots@mozilla.org': Reading manifest: Invalid extension permission: resource://pdf.js/
1676273022135	addons.webextension.screenshots@mozilla.org	WARN	Loading extension 'screenshots@mozilla.org': Reading manifest: Invalid extension permission: about:reader*
JavaScript error: resource://gre/modules/XULStore.jsm, line 66: Error: Can't find profile directory.
console.error: "Could not write session state file " (new Error("_initWorker called too early! Please read the session file from disk first.", "resource:///modules/sessionstore/SessionFile.jsm", 375)) "_initWorker/<@resource:///modules/sessionstore/SessionFile.jsm:375:15\n_initWorker@resource:///modules/sessionstore/SessionFile.jsm:368:12\n_postToWorker@resource:///modules/sessionstore/SessionFile.jsm:410:16\nwrite@resource:///modules/sessionstore/SessionFile.jsm:448:24\nwrite@resource:///modules/sessionstore/SessionFile.jsm:75:32\n_writeState@resource:///modules/sessionstore/SessionSaver.jsm:360:24\n_saveState@resource:///modules/sessionstore/SessionSaver.jsm:294:17\n_saveStateAsync@resource:///modules/sessionstore/SessionSaver.jsm:344:10\nsaveStateAsyncWhenIdle@resource:///modules/sessionstore/SessionSaver.jsm:191:14\ncallback@resource://gre/modules/Timer.jsm:125:16\n"
[Parent 13008, Gecko_IOThread] WARNING: file z:/task_1579288126/build/src/ipc/chromium/src/base/process_util_win.cc, line 160
JavaScript error: chrome://remote/content/RemoteAgent.jsm, line 36: Error: Remote agent is disabled by preference
1676273044204	Marionette	INFO	Listening on port 64258
DevTools listening on true
1676273044740	Marionette	WARN	TLS certificate errors will be ignored for this session
JavaScript error: , line 0: uncaught exception: undefined
JavaScript error: , line 0: uncaught exception: undefined
1676273094881	Marionette	WARN	TimedPromise timed out after 500 ms: stacktrace:
bail@chrome://marionette/content/sync.js:237:64
1676273095701	Marionette	INFO	Stopped listening on port 64258
IPDL protocol error: Handler returned error code!

###!!! [Parent][DispatchAsyncMessage] Error: PMessagePort::Msg_PostMessages Processing error: message was deserialized, but the handler returned false (indicating failure)

1676273238725	geckodriver	INFO	Listening on 127.0.0.1:64409
1676273241569	mozrunner::runner	INFO	Running command: "C:\\Program Files\\Mozilla Firefox\\firefox.exe" "--marionette" "--remote-debugging-port" "64410" "--remote-allow-hosts" "localhost" "-no-remote" "-profile" "C:\\Users\\DAFFOD~1\\AppData\\Local\\Temp\\rust_mozprofileYLSfr0"
1676273243443	addons.webextension.doh-rollout@mozilla.org	WARN	Loading extension 'doh-rollout@mozilla.org': Reading manifest: Invalid extension permission: networkStatus
1676273243802	addons.webextension.screenshots@mozilla.org	WARN	Loading extension 'screenshots@mozilla.org': Reading manifest: Invalid extension permission: mozillaAddons
1676273243802	addons.webextension.screenshots@mozilla.org	WARN	Loading extension 'screenshots@mozilla.org': Reading manifest: Invalid extension permission: telemetry
1676273243803	addons.webextension.screenshots@mozilla.org	WARN	Loading extension 'screenshots@mozilla.org': Reading manifest: Invalid extension permission: resource://pdf.js/
1676273243804	addons.webextension.screenshots@mozilla.org	WARN	Loading extension 'screenshots@mozilla.org': Reading manifest: Invalid extension permission: about:reader*
JavaScript error: resource://gre/modules/XULStore.jsm, line 66: Error: Can't find profile directory.
JavaScript error: chrome://remote/content/RemoteAgent.jsm, line 36: Error: Remote agent is disabled by preference
1676273249546	Marionette	INFO	Listening on port 64415
DevTools listening on true
1676273249870	Marionette	WARN	TLS certificate errors will be ignored for this session
JavaScript error: https://static.criteo.net/js/ld/publishertag.ids.js, line 1: TypeError: crypto.randomUUID is not a function
[Parent 7916, Gecko_IOThread] WARNING: file z:/task_1579288126/build/src/ipc/chromium/src/base/process_util_win.cc, line 160
1676273374235	Marionette	INFO	Stopped listening on port 64415
debugging-port" "64543" "--remote-allow-hosts" "localhost" "-no-remote" "-profile" "C:\\Users\\DAFFOD~1\\AppData\\Local\\Temp\\rust_mozprofileKzPOn5"
1676273314399	addons.webextension.doh-rollout@mozilla.org	WARN	Loading extension 'doh-rollout@mozilla.org': Reading manifest: Invalid extension permission: networkStatus
1676273314854	addons.webextension.screenshots@mozilla.org	WARN	Loading extension 'screenshots@mozilla.org': Reading manifest: Invalid extension permission: mozillaAddons
1676273314854	addons.webextension.screenshots@mozilla.org	WARN	Loading extension 'screenshots@mozilla.org': Reading manifest: Invalid extension permission: telemetry
1676273314855	addons.webextension.screenshots@mozilla.org	WARN	Loading extension 'screenshots@mozilla.org': Reading manifest: Invalid extension permission: resource://pdf.js/
1676273314855	addons.webextension.screenshots@mozilla.org	WARN	Loading extension 'screenshots@mozilla.org': Reading manifest: Invalid extension permission: about:reader*
JavaScript error: resource://gre/modules/XULStore.jsm, line 66: Error: Can't find profile directory.
JavaScript error: chrome://remote/content/RemoteAgent.jsm, line 36: Error: Remote agent is disabled by preference
1676273321675	Marionette	INFO	Listening on port 64548
DevTools listening on true
1676273321848	Marionette	WARN	TLS certificate errors will be ignored for this session
IPDL protocol error: Handler returned error code!

###!!! [Parent][DispatchAsyncMessage] Error: PMessagePort::Msg_PostMessages Processing error: message was deserialized, but the handler returned false (indicating failure)

1676273353485	Marionette	WARN	TimedPromise timed out after 500 ms: stacktrace:
bail@chrome://marionette/content/sync.js:237:64
JavaScript error: , line 0: TypeError: NetworkError when attempting to fetch resource.
console.error: (new Error("SessionFile is closed", "resource:///modules/sessionstore/SessionFile.jsm", 433))
1676273386942	Marionette	INFO	Stopped listening on port 64548
1676273414986	geckodriver	INFO	Listening on 127.0.0.1:64688
1676273418039	mozrunner::runner	INFO	Running command: "C:\\Program Files\\Mozilla Firefox\\firefox.exe" "--marionette" "--remote-debugging-port" "64689" "--remote-allow-hosts" "localhost" "-no-remote" "-profile" "C:\\Users\\DAFFOD~1\\AppData\\Local\\Temp\\rust_mozprofileWwjMpZ"
1676273421019	addons.webextension.doh-rollout@mozilla.org	WARN	Loading extension 'doh-rollout@mozilla.org': Reading manifest: Invalid extension permission: networkStatus
1676273421464	addons.webextension.screenshots@mozilla.org	WARN	Loading extension 'screenshots@mozilla.org': Reading manifest: Invalid extension permission: mozillaAddons
1676273421465	addons.webextension.screenshots@mozilla.org	WARN	Loading extension 'screenshots@mozilla.org': Reading manifest: Invalid extension permission: telemetry
1676273421466	addons.webextension.screenshots@mozilla.org	WARN	Loading extension 'screenshots@mozilla.org': Reading manifest: Invalid extension permission: resource://pdf.js/
1676273421466	addons.webextension.screenshots@mozilla.org	WARN	Loading extension 'screenshots@mozilla.org': Reading manifest: Invalid extension permission: about:reader*
JavaScript error: resource://gre/modules/XULStore.jsm, line 66: Error: Can't find profile directory.
JavaScript error: chrome://remote/content/RemoteAgent.jsm, line 36: Error: Remote agent is disabled by preference
1676273428805	Marionette	INFO	Listening on port 64697
DevTools listening on true
1676273429970	Marionette	WARN	TLS certificate errors will be ignored for this session
JavaScript error: , line 0: uncaught exception: undefined
1676273465229	Marionette	WARN	TimedPromise timed out after 500 ms: stacktrace:
bail@chrome://marionette/content/sync.js:237:64
JavaScript error: , line 0: TypeError: NetworkError when attempting to fetch resource.
1676273741703	geckodriver	INFO	Listening on 127.0.0.1:64883
1676273745863	mozrunner::runner	INFO	Running command: "C:\\Program Files\\Mozilla Firefox\\firefox.exe" "--marionette" "-headless" "--remote-debugging-port" "6488 ... "--remote-allow-hosts" "localhost" "-no-remote" "-profile" "C:\\Users\\DAFFOD~1\\AppData\\Local\\Temp\\rust_mozprofileLrC3Py"
*** You are running in headless mode.
1676273749532	addons.webextension.doh-rollout@mozilla.org	WARN	Loading extension 'doh-rollout@mozilla.org': Reading manifest: Invalid extension permission: networkStatus
1676273749954	addons.webextension.screenshots@mozilla.org	WARN	Loading extension 'screenshots@mozilla.org': Reading manifest: Invalid extension permission: mozillaAddons
1676273749954	addons.webextension.screenshots@mozilla.org	WARN	Loading extension 'screenshots@mozilla.org': Reading manifest: Invalid extension permission: telemetry
1676273749955	addons.webextension.screenshots@mozilla.org	WARN	Loading extension 'screenshots@mozilla.org': Reading manifest: Invalid extension permission: resource://pdf.js/
1676273749955	addons.webextension.screenshots@mozilla.org	WARN	Loading extension 'screenshots@mozilla.org': Reading manifest: Invalid extension permission: about:reader*
JavaScript error: resource://gre/modules/XULStore.jsm, line 66: Error: Can't find profile directory.
console.error: "Could not write session state file " (new Error("_initWorker called too early! Please read the session file from disk first.", "resource:///modules/sessionstore/SessionFile.jsm", 375)) "_initWorker/<@resource:///modules/sessionstore/SessionFile.jsm:375:15\n_initWorker@resource:///modules/sessionstore/SessionFile.jsm:368:12\n_postToWorker@resource:///modules/sessionstore/SessionFile.jsm:410:16\nwrite@resource:///modules/sessionstore/SessionFile.jsm:448:24\nwrite@resource:///modules/sessionstore/SessionFile.jsm:75:32\n_writeState@resource:///modules/sessionstore/SessionSaver.jsm:360:24\n_saveState@resource:///modules/sessionstore/SessionSaver.jsm:294:17\n_saveStateAsync@resource:///modules/sessionstore/SessionSaver.jsm:344:10\nsaveStateAsyncWhenIdle@resource:///modules/sessionstore/SessionSaver.jsm:191:14\ncallback@resource://gre/modules/Timer.jsm:125:16\n"
[Parent 5192, Gecko_IOThread] WARNING: file z:/task_1579288126/build/src/ipc/chromium/src/base/process_util_win.cc, line 160
JavaScript error: chrome://remote/content/RemoteAgent.jsm, line 36: Error: Remote agent is disabled by preference
1676273766013	Marionette	INFO	Listening on port 64899
DevTools listening on true
1676273766881	Marionette	WARN	TLS certificate errors will be ignored for this session
JavaScript error: https://static.criteo.net/js/ld/publishertag.ids.js, line 1: TypeError: crypto.randomUUID is not a function
JavaScript warning: https://pagead2.googlesyndication.com/bg/1ltCRSOx5k-1I0D0UILHPXNozEC50ZuHf8HEjBLxTFM.js line 2 > eval line 4793 > eval line 1 > eval line 1 > eval, line 1: Error: WebGL warning: <SetDimensions>: Can't use WebGL in headless mode (https://bugzil.la/1375585).
JavaScript warning: https://pagead2.googlesyndication.com/bg/1ltCRSOx5k-1I0D0UILHPXNozEC50ZuHf8HEjBLxTFM.js line 2 > eval line 4793 > eval line 1 > eval line 1 > eval, line 1: Error: WebGL warning: <SetDimensions>: Failed to create WebGL context: WebGL creation failed: 
* Can't use WebGL in headless mode (https://bugzil.la/1375585).
JavaScript warning: https://pagead2.googlesyndication.com/bg/1ltCRSOx5k-1I0D0UILHPXNozEC50ZuHf8HEjBLxTFM.js line 2 > eval line 4355 > eval line 1 > eval line 1 > eval, line 1: Error: WebGL warning: <SetDimensions>: Can't use WebGL in headless mode (https://bugzil.la/1375585).
JavaScript warning: https://pagead2.googlesyndication.com/bg/1ltCRSOx5k-1I0D0UILHPXNozEC50ZuHf8HEjBLxTFM.js line 2 > eval line 4355 > eval line 1 > eval line 1 > eval, line 1: Error: WebGL warning: <SetDimensions>: Failed to create WebGL context: WebGL creation failed: 
* Can't use WebGL in headless mode (https://bugzil.la/1375585).
JavaScript warning: https://pagead2.googlesyndication.com/bg/1ltCRSOx5k-1I0D0UILHPXNozEC50ZuHf8HEjBLxTFM.js line 2 > eval line 2773 > eval line 1 > eval line 1 > eval, line 1: Error: WebGL warning: <SetDimensions>: Can't use WebGL in headless mode (https://bugzil.la/1375585).
JavaScript warning: https://pagead2.googlesyndication.com/bg/1ltCRSOx5k-1I0D0UILHPXNozEC50ZuHf8HEjBLxTFM.js line 2 > eval line 2773 > eval line 1 > eval line 1 > eval, line 1: Error: WebGL warning: <SetDimensions>: Failed to create WebGL context: WebGL creation failed: 
* Can't use WebGL in headless mode (https://bugzil.la/1375585).
JavaScript warning: https://pagead2.googlesyndication.com/bg/1ltCRSOx5k-1I0D0UILHPXNozEC50ZuHf8HEjBLxTFM.js line 2 > eval line 5067 > eval line 1 > eval line 1 > eval, line 1: Error: WebGL warning: <SetDimensions>: Can't use WebGL in headless mode (https://bugzil.la/1375585).
JavaScript warning: https://pagead2.googlesyndication.com/bg/1ltCRSOx5k-1I0D0UILHPXNozEC50ZuHf8HEjBLxTFM.js line 2 > eval line 5067 > eval line 1 > eval line 1 > eval, line 1: Error: WebGL warning: <SetDimensions>: Failed to create WebGL context: WebGL creation failed: 
* Can't use WebGL in headless mode (https://bugzil.la/1375585).
1676273919182	geckodriver	INFO	Listening on 127.0.0.1:65053
1676273922329	mozrunner::runner	INFO	Running command: "C:\\Program Files\\Mozilla Firefox\\firefox.exe" "--marionette" "--remote-debugging-port" "65054" "--remote-allow-hosts" "localhost" "-no-remote" "-profile" "C:\\Users\\DAFFOD~1\\AppData\\Local\\Temp\\rust_mozprofilexxX7Cc"
1676273925279	addons.webextension.doh-rollout@mozilla.org	WARN	Loading extension 'doh-rollout@mozilla.org': Reading manifest: Invalid extension permission: networkStatus
1676273925871	addons.webextension.screenshots@mozilla.org	WARN	Loading extension 'screenshots@mozilla.org': Reading manifest: Invalid extension permission: mozillaAddons
1676273925871	addons.webextension.screenshots@mozilla.org	WARN	Loading extension 'screenshots@mozilla.org': Reading manifest: Invalid extension permission: telemetry
1676273925872	addons.webextension.screenshots@mozilla.org	WARN	Loading extension 'screenshots@mozilla.org': Reading manifest: Invalid extension permission: resource://pdf.js/
1676273925872	addons.webextension.screenshots@mozilla.org	WARN	Loading extension 'screenshots@mozilla.org': Reading manifest: Invalid extension permission: about:reader*
JavaScript error: resource://gre/modules/XULStore.jsm, line 66: Error: Can't find profile directory.
console.error: "Could not write session state file " (new Error("_initWorker called too early! Please read the session file from disk first.", "resource:///modules/sessionstore/SessionFile.jsm", 375)) "_initWorker/<@resource:///modules/sessionstore/SessionFile.jsm:375:15\n_initWorker@resource:///modules/sessionstore/SessionFile.jsm:368:12\n_postToWorker@resource:///modules/sessionstore/SessionFile.jsm:410:16\nwrite@resource:///modules/sessionstore/SessionFile.jsm:448:24\nwrite@resource:///modules/sessionstore/SessionFile.jsm:75:32\n_writeState@resource:///modules/sessionstore/SessionSaver.jsm:360:24\n_saveState@resource:///modules/sessionstore/SessionSaver.jsm:294:17\n_saveStateAsync@resource:///modules/sessionstore/SessionSaver.jsm:344:10\nsaveStateAsyncWhenIdle@resource:///modules/sessionstore/SessionSaver.jsm:191:14\ncallback@resource://gre/modules/Timer.jsm:125:16\n"
JavaScript error: chrome://remote/content/RemoteAgent.jsm, line 36: Error: Remote agent is disabled by preference
1676273953794	Marionette	INFO	Listening on port 65059
DevTools listening on true
1676273953994	Marionette	WARN	TLS certificate errors will be ignored for this session
JavaScript error: https://static.criteo.net/js/ld/publishertag.ids.js, line 1: TypeError: crypto.randomUUID is not a function
JavaScript error: , line 0: uncaught exception: undefined
1676274030117	Marionette	WARN	TimedPromise timed out after 500 ms: stacktrace:
bail@chrome://marionette/content/sync.js:237:64
1676274030668	Marionette	INFO	Stopped listening on port 65059
1676274229734	geckodriver	INFO	Listening on 127.0.0.1:65227
1676274232769	mozrunner::runner	INFO	Running command: "C:\\Program Files\\Mozilla Firefox\\firefox.exe" "--marionette" "-headless" "--remote-debugging-port" "6522 ... "--remote-allow-hosts" "localhost" "-no-remote" "-profile" "C:\\Users\\DAFFOD~1\\AppData\\Local\\Temp\\rust_mozprofilexUlnrk"
*** You are running in headless mode.
1676274236415	addons.webextension.doh-rollout@mozilla.org	WARN	Loading extension 'doh-rollout@mozilla.org': Reading manifest: Invalid extension permission: networkStatus
1676274238715	addons.webextension.screenshots@mozilla.org	WARN	Loading extension 'screenshots@mozilla.org': Reading manifest: Invalid extension permission: mozillaAddons
1676274238715	addons.webextension.screenshots@mozilla.org	WARN	Loading extension 'screenshots@mozilla.org': Reading manifest: Invalid extension permission: telemetry
1676274238716	addons.webextension.screenshots@mozilla.org	WARN	Loading extension 'screenshots@mozilla.org': Reading manifest: Invalid extension permission: resource://pdf.js/
1676274238716	addons.webextension.screenshots@mozilla.org	WARN	Loading extension 'screenshots@mozilla.org': Reading manifest: Invalid extension permission: about:reader*
JavaScript error: resource://gre/modules/XULStore.jsm, line 66: Error: Can't find profile directory.
[Parent 8224, Gecko_IOThread] WARNING: file z:/task_1579288126/build/src/ipc/chromium/src/base/process_util_win.cc, line 160
JavaScript error: chrome://remote/content/RemoteAgent.jsm, line 36: Error: Remote agent is disabled by preference
1676274258480	Marionette	INFO	Listening on port 65234
DevTools listening on true
1676274258639	Marionette	WARN	TLS certificate errors will be ignored for this session
JavaScript warning: https://pagead2.googlesyndication.com/bg/1ltCRSOx5k-1I0D0UILHPXNozEC50ZuHf8HEjBLxTFM.js line 2 > eval line 1996 > eval line 1 > eval line 1 > eval, line 1: Error: WebGL warning: <SetDimensions>: Can't use WebGL in headless mode (https://bugzil.la/1375585).
JavaScript warning: https://pagead2.googlesyndication.com/bg/1ltCRSOx5k-1I0D0UILHPXNozEC50ZuHf8HEjBLxTFM.js line 2 > eval line 1996 > eval line 1 > eval line 1 > eval, line 1: Error: WebGL warning: <SetDimensions>: Failed to create WebGL context: WebGL creation failed: 
* Can't use WebGL in headless mode (https://bugzil.la/1375585).
IPDL protocol error: Handler returned error code!

###!!! [Parent][DispatchAsyncMessage] Error: PMessagePort::Msg_PostMessages Processing error: message was deserialized, but the handler returned false (indicating failure)

JavaScript warning: https://pagead2.googlesyndication.com/bg/1ltCRSOx5k-1I0D0UILHPXNozEC50ZuHf8HEjBLxTFM.js line 2 > eval line 5366 > eval line 1 > eval line 1 > eval, line 1: Error: WebGL warning: <SetDimensions>: Can't use WebGL in headless mode (https://bugzil.la/1375585).
JavaScript warning: https://pagead2.googlesyndication.com/bg/1ltCRSOx5k-1I0D0UILHPXNozEC50ZuHf8HEjBLxTFM.js line 2 > eval line 5366 > eval line 1 > eval line 1 > eval, line 1: Error: WebGL warning: <SetDimensions>: Failed to create WebGL context: WebGL creation failed: 
* Can't use WebGL in headless mode (https://bugzil.la/1375585).
Exiting due to channel error.
Listening on 127.0.0.1:65390
1676274326106	mozrunner::runner	INFO	Running command: "C:\\Program Files\\Mozilla Firefox\\firefox.exe" "--marionette" "-headless" "--remote-debugging-port" "6539 ... "--remote-allow-hosts" "localhost" "-no-remote" "-profile" "C:\\Users\\DAFFOD~1\\AppData\\Local\\Temp\\rust_mozprofileMOsPU8"
*** You are running in headless mode.
1676274334085	addons.webextension.doh-rollout@mozilla.org	WARN	Loading extension 'doh-rollout@mozilla.org': Reading manifest: Invalid extension permission: networkStatus
1676274334796	addons.webextension.screenshots@mozilla.org	WARN	Loading extension 'screenshots@mozilla.org': Reading manifest: Invalid extension permission: mozillaAddons
1676274334797	addons.webextension.screenshots@mozilla.org	WARN	Loading extension 'screenshots@mozilla.org': Reading manifest: Invalid extension permission: telemetry
1676274334798	addons.webextension.screenshots@mozilla.org	WARN	Loading extension 'screenshots@mozilla.org': Reading manifest: Invalid extension permission: resource://pdf.js/
1676274334798	addons.webextension.screenshots@mozilla.org	WARN	Loading extension 'screenshots@mozilla.org': Reading manifest: Invalid extension permission: about:reader*
JavaScript error: resource://gre/modules/XULStore.jsm, line 66: Error: Can't find profile directory.

###!!! [Child][MessageChannel] Error: (msgtype=0x370128,name=PContent::Msg_AsyncMessage) Channel closing: too late to send/recv, messages will be lost

JavaScript error: chrome://remote/content/RemoteAgent.jsm, line 36: Error: Remote agent is disabled by preference
1676274343490	Marionette	INFO	Listening on port 65397
DevTools listening on true
1676274344246	Marionette	WARN	TLS certificate errors will be ignored for this session
JavaScript error: , line 0: uncaught exception: undefined
1676274369926	Marionette	WARN	TimedPromise timed out after 500 ms: stacktrace:
bail@chrome://marionette/content/sync.js:237:64
JavaScript warning: https://pagead2.googlesyndication.com/bg/1ltCRSOx5k-1I0D0UILHPXNozEC50ZuHf8HEjBLxTFM.js line 2 > eval line 4602 > eval line 1 > eval line 1 > eval, line 1: Error: WebGL warning: <SetDimensions>: Can't use WebGL in headless mode (https://bugzil.la/1375585).
JavaScript warning: https://pagead2.googlesyndication.com/bg/1ltCRSOx5k-1I0D0UILHPXNozEC50ZuHf8HEjBLxTFM.js line 2 > eval line 4602 > eval line 1 > eval line 1 > eval, line 1: Error: WebGL warning: <SetDimensions>: Failed to create WebGL context: WebGL creation failed: 
* Can't use WebGL in headless mode (https://bugzil.la/1375585).
JavaScript warning: https://pagead2.googlesyndication.com/bg/1ltCRSOx5k-1I0D0UILHPXNozEC50ZuHf8HEjBLxTFM.js line 2 > eval line 1046 > eval line 1 > eval line 1 > eval, line 1: Error: WebGL warning: <SetDimensions>: Can't use WebGL in headless mode (https://bugzil.la/1375585).
JavaScript warning: https://pagead2.googlesyndication.com/bg/1ltCRSOx5k-1I0D0UILHPXNozEC50ZuHf8HEjBLxTFM.js line 2 > eval line 1046 > eval line 1 > eval line 1 > eval, line 1: Error: WebGL warning: <SetDimensions>: Failed to create WebGL context: WebGL creation failed: 
* Can't use WebGL in headless mode (https://bugzil.la/1375585).
1676274670735	geckodriver	INFO	Listening on 127.0.0.1:49343
1676274675572	mozrunner::runner	INFO	Running command: "C:\\Program Files\\Mozilla Firefox\\firefox.exe" "--marionette" "-headless" "--remote-debugging-port" "4934 ... "--remote-allow-hosts" "localhost" "-no-remote" "-profile" "C:\\Users\\DAFFOD~1\\AppData\\Local\\Temp\\rust_mozprofilecwtPDF"
*** You are running in headless mode.
1676274679275	addons.webextension.doh-rollout@mozilla.org	WARN	Loading extension 'doh-rollout@mozilla.org': Reading manifest: Invalid extension permission: networkStatus
1676274679914	addons.webextension.screenshots@mozilla.org	WARN	Loading extension 'screenshots@mozilla.org': Reading manifest: Invalid extension permission: mozillaAddons
1676274679914	addons.webextension.screenshots@mozilla.org	WARN	Loading extension 'screenshots@mozilla.org': Reading manifest: Invalid extension permission: telemetry
1676274679915	addons.webextension.screenshots@mozilla.org	WARN	Loading extension 'screenshots@mozilla.org': Reading manifest: Invalid extension permission: resource://pdf.js/
1676274679916	addons.webextension.screenshots@mozilla.org	WARN	Loading extension 'screenshots@mozilla.org': Reading manifest: Invalid extension permission: about:reader*
JavaScript error: resource://gre/modules/XULStore.jsm, line 66: Error: Can't find profile directory.
console.error: "Could not write session state file " (new Error("_initWorker called too early! Please read the session file from disk first.", "resource:///modules/sessionstore/SessionFile.jsm", 375)) "_initWorker/<@resource:///modules/sessionstore/SessionFile.jsm:375:15\n_initWorker@resource:///modules/sessionstore/SessionFile.jsm:368:12\n_postToWorker@resource:///modules/sessionstore/SessionFile.jsm:410:16\nwrite@resource:///modules/sessionstore/SessionFile.jsm:448:24\nwrite@resource:///modules/sessionstore/SessionFile.jsm:75:32\n_writeState@resource:///modules/sessionstore/SessionSaver.jsm:360:24\n_saveState@resource:///modules/sessionstore/SessionSaver.jsm:294:17\n_saveStateAsync@resource:///modules/sessionstore/SessionSaver.jsm:344:10\nsaveStateAsyncWhenIdle@resource:///modules/sessionstore/SessionSaver.jsm:191:14\ncallback@resource://gre/modules/Timer.jsm:125:16\n"
JavaScript error: chrome://remote/content/RemoteAgent.jsm, line 36: Error: Remote agent is disabled by preference
1676274689388	Marionette	INFO	Listening on port 49349
DevTools listening on true
1676274689920	Marionette	WARN	TLS certificate errors will be ignored for this session
JavaScript warning: https://pagead2.googlesyndication.com/bg/1ltCRSOx5k-1I0D0UILHPXNozEC50ZuHf8HEjBLxTFM.js line 2 > eval line 5762 > eval line 1 > eval line 1 > eval, line 1: Error: WebGL warning: <SetDimensions>: Can't use WebGL in headless mode (https://bugzil.la/1375585).
JavaScript warning: https://pagead2.googlesyndication.com/bg/1ltCRSOx5k-1I0D0UILHPXNozEC50ZuHf8HEjBLxTFM.js line 2 > eval line 5762 > eval line 1 > eval line 1 > eval, line 1: Error: WebGL warning: <SetDimensions>: Failed to create WebGL context: WebGL creation failed: 
* Can't use WebGL in headless mode (https://bugzil.la/1375585).
JavaScript warning: https://pagead2.googlesyndication.com/bg/1ltCRSOx5k-1I0D0UILHPXNozEC50ZuHf8HEjBLxTFM.js line 2 > eval line 7197 > eval line 1 > eval line 1 > eval, line 1: Error: WebGL warning: <SetDimensions>: Can't use WebGL in headless mode (https://bugzil.la/1375585).
JavaScript warning: https://pagead2.googlesyndication.com/bg/1ltCRSOx5k-1I0D0UILHPXNozEC50ZuHf8HEjBLxTFM.js line 2 > eval line 7197 > eval line 1 > eval line 1 > eval, line 1: Error: WebGL warning: <SetDimensions>: Failed to create WebGL context: WebGL creation failed: 
* Can't use WebGL in headless mode (https://bugzil.la/1375585).
JavaScript warning: https://pagead2.googlesyndication.com/bg/1ltCRSOx5k-1I0D0UILHPXNozEC50ZuHf8HEjBLxTFM.js line 2 > eval line 5906 > eval line 1 > eval line 1 > eval, line 1: Error: WebGL warning: <SetDimensions>: Can't use WebGL in headless mode (https://bugzil.la/1375585).
JavaScript warning: https://pagead2.googlesyndication.com/bg/1ltCRSOx5k-1I0D0UILHPXNozEC50ZuHf8HEjBLxTFM.js line 2 > eval line 5906 > eval line 1 > eval line 1 > eval, line 1: Error: WebGL warning: <SetDimensions>: Failed to create WebGL context: WebGL creation failed: 
* Can't use WebGL in headless mode (https://bugzil.la/1375585).
JavaScript warning: https://pagead2.googlesyndication.com/bg/1ltCRSOx5k-1I0D0UILHPXNozEC50ZuHf8HEjBLxTFM.js line 2 > eval line 5796 > eval line 1 > eval line 1 > eval, line 1: Error: WebGL warning: <SetDimensions>: Can't use WebGL in headless mode (https://bugzil.la/1375585).
JavaScript warning: https://pagead2.googlesyndication.com/bg/1ltCRSOx5k-1I0D0UILHPXNozEC50ZuHf8HEjBLxTFM.js line 2 > eval line 5796 > eval line 1 > eval line 1 > eval, line 1: Error: WebGL warning: <SetDimensions>: Failed to create WebGL context: WebGL creation failed: 
* Can't use WebGL in headless mode (https://bugzil.la/1375585).
1676274787052	geckodriver	INFO	Listening on 127.0.0.1:49471
1676274789962	mozrunner::runner	INFO	Running command: "C:\\Program Files\\Mozilla Firefox\\firefox.exe" "--marionette" "-headless" "--remote-debugging-port" "4947 ... "--remote-allow-hosts" "localhost" "-no-remote" "-profile" "C:\\Users\\DAFFOD~1\\AppData\\Local\\Temp\\rust_mozprofileYY7I4L"
*** You are running in headless mode.
1676274792786	addons.webextension.doh-rollout@mozilla.org	WARN	Loading extension 'doh-rollout@mozilla.org': Reading manifest: Invalid extension permission: networkStatus
1676274793228	addons.webextension.screenshots@mozilla.org	WARN	Loading extension 'screenshots@mozilla.org': Reading manifest: Invalid extension permission: mozillaAddons
1676274793228	addons.webextension.screenshots@mozilla.org	WARN	Loading extension 'screenshots@mozilla.org': Reading manifest: Invalid extension permission: telemetry
1676274793229	addons.webextension.screenshots@mozilla.org	WARN	Loading extension 'screenshots@mozilla.org': Reading manifest: Invalid extension permission: resource://pdf.js/
1676274793229	addons.webextension.screenshots@mozilla.org	WARN	Loading extension 'screenshots@mozilla.org': Reading manifest: Invalid extension permission: about:reader*
JavaScript error: resource://gre/modules/XULStore.jsm, line 66: Error: Can't find profile directory.
JavaScript error: chrome://remote/content/RemoteAgent.jsm, line 36: Error: Remote agent is disabled by preference
1676274804715	Marionette	INFO	Listening on port 49479
DevTools listening on true
1676274805348	Marionette	WARN	TLS certificate errors will be ignored for this session
JavaScript error: https://static.criteo.net/js/ld/publishertag.ids.js, line 1: TypeError: crypto.randomUUID is not a function
JavaScript warning: https://pagead2.googlesyndication.com/bg/1ltCRSOx5k-1I0D0UILHPXNozEC50ZuHf8HEjBLxTFM.js line 2 > eval line 6667 > eval line 1 > eval line 1 > eval, line 1: Error: WebGL warning: <SetDimensions>: Can't use WebGL in headless mode (https://bugzil.la/1375585).
JavaScript warning: https://pagead2.googlesyndication.com/bg/1ltCRSOx5k-1I0D0UILHPXNozEC50ZuHf8HEjBLxTFM.js line 2 > eval line 6667 > eval line 1 > eval line 1 > eval, line 1: Error: WebGL warning: <SetDimensions>: Failed to create WebGL context: WebGL creation failed: 
* Can't use WebGL in headless mode (https://bugzil.la/1375585).
JavaScript warning: https://pagead2.googlesyndication.com/bg/1ltCRSOx5k-1I0D0UILHPXNozEC50ZuHf8HEjBLxTFM.js line 2 > eval line 3464 > eval line 1 > eval line 1 > eval, line 1: Error: WebGL warning: <SetDimensions>: Can't use WebGL in headless mode (https://bugzil.la/1375585).
JavaScript warning: https://pagead2.googlesyndication.com/bg/1ltCRSOx5k-1I0D0UILHPXNozEC50ZuHf8HEjBLxTFM.js line 2 > eval line 3464 > eval line 1 > eval line 1 > eval, line 1: Error: WebGL warning: <SetDimensions>: Failed to create WebGL context: WebGL creation failed: 
* Can't use WebGL in headless mode (https://bugzil.la/1375585).
1676274895695	geckodriver	INFO	Listening on 127.0.0.1:49608
1676274898859	mozrunner::runner	INFO	Running command: "C:\\Program Files\\Mozilla Firefox\\firefox.exe" "--marionette" "--remote-debugging-port" "49609" "--remote-allow-hosts" "localhost" "-no-remote" "-profile" "C:\\Users\\DAFFOD~1\\AppData\\Local\\Temp\\rust_mozprofilenYszpJ"
1676274903634	addons.webextension.doh-rollout@mozilla.org	WARN	Loading extension 'doh-rollout@mozilla.org': Reading manifest: Invalid extension permission: networkStatus
1676274904803	addons.webextension.screenshots@mozilla.org	WARN	Loading extension 'screenshots@mozilla.org': Reading manifest: Invalid extension permission: mozillaAddons
1676274904803	addons.webextension.screenshots@mozilla.org	WARN	Loading extension 'screenshots@mozilla.org': Reading manifest: Invalid extension permission: telemetry
1676274904804	addons.webextension.screenshots@mozilla.org	WARN	Loading extension 'screenshots@mozilla.org': Reading manifest: Invalid extension permission: resource://pdf.js/
1676274904804	addons.webextension.screenshots@mozilla.org	WARN	Loading extension 'screenshots@mozilla.org': Reading manifest: Invalid extension permission: about:reader*
JavaScript error: resource://gre/modules/XULStore.jsm, line 66: Error: Can't find profile directory.
console.error: "Could not write session state file " (new Error("_initWorker called too early! Please read the session file from disk first.", "resource:///modules/sessionstore/SessionFile.jsm", 375)) "_initWorker/<@resource:///modules/sessionstore/SessionFile.jsm:375:15\n_initWorker@resource:///modules/sessionstore/SessionFile.jsm:368:12\n_postToWorker@resource:///modules/sessionstore/SessionFile.jsm:410:16\nwrite@resource:///modules/sessionstore/SessionFile.jsm:448:24\nwrite@resource:///modules/sessionstore/SessionFile.jsm:75:32\n_writeState@resource:///modules/sessionstore/SessionSaver.jsm:360:24\n_saveState@resource:///modules/sessionstore/SessionSaver.jsm:294:17\n_saveStateAsync@resource:///modules/sessionstore/SessionSaver.jsm:344:10\nsaveStateAsyncWhenIdle@resource:///modules/sessionstore/SessionSaver.jsm:191:14\ncallback@resource://gre/modules/Timer.jsm:125:16\n"
JavaScript error: chrome://remote/content/RemoteAgent.jsm, line 36: Error: Remote agent is disabled by preference
1676274945613	Marionette	INFO	Listening on port 49614
DevTools listening on true
1676274945819	Marionette	WARN	TLS certificate errors will be ignored for this session
1676274977776	Marionette	WARN	TimedPromise timed out after 500 ms: stacktrace:
bail@chrome://marionette/content/sync.js:237:64
JavaScript error: , line 0: TypeError: NetworkError when attempting to fetch resource.
A content process crashed and MOZ_CRASHREPORTER_SHUTDOWN is set, shutting down
A content process crashed and MOZ_CRASHREPORTER_SHUTDOWN is set, shutting down

###!!! [Parent][MessageChannel] Error: (msgtype=0x8000E,name=PBackgroundIDBDatabase::Msg_CloseAfterInvalidationComplete) Channel error: cannot send/recv

[Parent 2376, Gecko_IOThread] WARNING: pipe error: 232: file z:/task_1579288126/build/src/ipc/chromium/src/chrome/common/ipc_channel_win.cc, line 507
[Parent 2376, Gecko_IOThread] WARNING: file z:/task_1579288126/build/src/ipc/chromium/src/base/process_util_win.cc, line 160
console.error: (new Error("SessionFile is closed", "resource:///modules/sessionstore/SessionFile.jsm", 433))
1676275302609	Marionette	INFO	Stopped listening on port 49614
screenshots@mozilla.org	WARN	Loading extension 'screenshots@mozilla.org': Reading manifest: Invalid extension permission: telemetry
1676275204846	addons.webextension.screenshots@mozilla.org	WARN	Loading extension 'screenshots@mozilla.org': Reading manifest: Invalid extension permission: resource://pdf.js/
1676275204847	addons.webextension.screenshots@mozilla.org	WARN	Loading extension 'screenshots@mozilla.org': Reading manifest: Invalid extension permission: about:reader*
JavaScript error: resource://gre/modules/XULStore.jsm, line 66: Error: Can't find profile directory.
[Parent 13052, Gecko_IOThread] WARNING: file z:/task_1579288126/build/src/ipc/chromium/src/base/process_util_win.cc, line 160
JavaScript error: chrome://remote/content/RemoteAgent.jsm, line 36: Error: Remote agent is disabled by preference
1676275225316	Marionette	INFO	Listening on port 49795
DevTools listening on true
1676275229281	Marionette	WARN	TLS certificate errors will be ignored for this session
JavaScript error: , line 0: uncaught exception: undefined
1676275262990	Marionette	WARN	TimedPromise timed out after 500 ms: stacktrace:
bail@chrome://marionette/content/sync.js:237:64
JavaScript warning: https://pagead2.googlesyndication.com/bg/1ltCRSOx5k-1I0D0UILHPXNozEC50ZuHf8HEjBLxTFM.js line 2 > eval line 80 > eval line 1 > eval line 1 > eval, line 1: Error: WebGL warning: <SetDimensions>: Can't use WebGL in headless mode (https://bugzil.la/1375585).
JavaScript warning: https://pagead2.googlesyndication.com/bg/1ltCRSOx5k-1I0D0UILHPXNozEC50ZuHf8HEjBLxTFM.js line 2 > eval line 80 > eval line 1 > eval line 1 > eval, line 1: Error: WebGL warning: <SetDimensions>: Failed to create WebGL context: WebGL creation failed: 
* Can't use WebGL in headless mode (https://bugzil.la/1375585).
JavaScript warning: https://pagead2.googlesyndication.com/bg/1ltCRSOx5k-1I0D0UILHPXNozEC50ZuHf8HEjBLxTFM.js line 2 > eval line 2562 > eval line 1 > eval line 1 > eval, line 1: Error: WebGL warning: <SetDimensions>: Can't use WebGL in headless mode (https://bugzil.la/1375585).
JavaScript warning: https://pagead2.googlesyndication.com/bg/1ltCRSOx5k-1I0D0UILHPXNozEC50ZuHf8HEjBLxTFM.js line 2 > eval line 2562 > eval line 1 > eval line 1 > eval, line 1: Error: WebGL warning: <SetDimensions>: Failed to create WebGL context: WebGL creation failed: 
* Can't use WebGL in headless mode (https://bugzil.la/1375585).
Exiting due to channel error.
Listening on 127.0.0.1:49924
1676275359502	mozrunner::runner	INFO	Running command: "C:\\Program Files\\Mozilla Firefox\\firefox.exe" "--marionette" "-headless" "--remote-debugging-port" "4992 ... "--remote-allow-hosts" "localhost" "-no-remote" "-profile" "C:\\Users\\DAFFOD~1\\AppData\\Local\\Temp\\rust_mozprofileHpxyrO"
*** You are running in headless mode.
1676275365443	addons.webextension.doh-rollout@mozilla.org	WARN	Loading extension 'doh-rollout@mozilla.org': Reading manifest: Invalid extension permission: networkStatus
1676275366274	addons.webextension.screenshots@mozilla.org	WARN	Loading extension 'screenshots@mozilla.org': Reading manifest: Invalid extension permission: mozillaAddons
1676275366274	addons.webextension.screenshots@mozilla.org	WARN	Loading extension 'screenshots@mozilla.org': Reading manifest: Invalid extension permission: telemetry
1676275366274	addons.webextension.screenshots@mozilla.org	WARN	Loading extension 'screenshots@mozilla.org': Reading manifest: Invalid extension permission: resource://pdf.js/
1676275366275	addons.webextension.screenshots@mozilla.org	WARN	Loading extension 'screenshots@mozilla.org': Reading manifest: Invalid extension permission: about:reader*
JavaScript error: resource://gre/modules/XULStore.jsm, line 66: Error: Can't find profile directory.
console.error: "Could not write session state file " (new Error("_initWorker called too early! Please read the session file from disk first.", "resource:///modules/sessionstore/SessionFile.jsm", 375)) "_initWorker/<@resource:///modules/sessionstore/SessionFile.jsm:375:15\n_initWorker@resource:///modules/sessionstore/SessionFile.jsm:368:12\n_postToWorker@resource:///modules/sessionstore/SessionFile.jsm:410:16\nwrite@resource:///modules/sessionstore/SessionFile.jsm:448:24\nwrite@resource:///modules/sessionstore/SessionFile.jsm:75:32\n_writeState@resource:///modules/sessionstore/SessionSaver.jsm:360:24\n_saveState@resource:///modules/sessionstore/SessionSaver.jsm:294:17\n_saveStateAsync@resource:///modules/sessionstore/SessionSaver.jsm:344:10\nsaveStateAsyncWhenIdle@resource:///modules/sessionstore/SessionSaver.jsm:191:14\ncallback@resource://gre/modules/Timer.jsm:125:16\n"
JavaScript error: chrome://remote/content/RemoteAgent.jsm, line 36: Error: Remote agent is disabled by preference
1676275379860	Marionette	INFO	Listening on port 49942
DevTools listening on true
1676275380541	Marionette	WARN	TLS certificate errors will be ignored for this session
JavaScript error: https://static.criteo.net/js/ld/publishertag.ids.js, line 1: TypeError: crypto.randomUUID is not a function
JavaScript warning: https://pagead2.googlesyndication.com/bg/1ltCRSOx5k-1I0D0UILHPXNozEC50ZuHf8HEjBLxTFM.js line 2 > eval line 4705 > eval line 1 > eval line 1 > eval, line 1: Error: WebGL warning: <SetDimensions>: Can't use WebGL in headless mode (https://bugzil.la/1375585).
JavaScript warning: https://pagead2.googlesyndication.com/bg/1ltCRSOx5k-1I0D0UILHPXNozEC50ZuHf8HEjBLxTFM.js line 2 > eval line 4705 > eval line 1 > eval line 1 > eval, line 1: Error: WebGL warning: <SetDimensions>: Failed to create WebGL context: WebGL creation failed: 
* Can't use WebGL in headless mode (https://bugzil.la/1375585).
JavaScript warning: https://pagead2.googlesyndication.com/bg/1ltCRSOx5k-1I0D0UILHPXNozEC50ZuHf8HEjBLxTFM.js line 2 > eval line 5049 > eval line 1 > eval line 1 > eval, line 1: Error: WebGL warning: <SetDimensions>: Can't use WebGL in headless mode (https://bugzil.la/1375585).
JavaScript warning: https://pagead2.googlesyndication.com/bg/1ltCRSOx5k-1I0D0UILHPXNozEC50ZuHf8HEjBLxTFM.js line 2 > eval line 5049 > eval line 1 > eval line 1 > eval, line 1: Error: WebGL warning: <SetDimensions>: Failed to create WebGL context: WebGL creation failed: 
* Can't use WebGL in headless mode (https://bugzil.la/1375585).
JavaScript warning: https://pagead2.googlesyndication.com/bg/1ltCRSOx5k-1I0D0UILHPXNozEC50ZuHf8HEjBLxTFM.js line 2 > eval line 4236 > eval line 1 > eval line 1 > eval, line 1: Error: WebGL warning: <SetDimensions>: Can't use WebGL in headless mode (https://bugzil.la/1375585).
JavaScript warning: https://pagead2.googlesyndication.com/bg/1ltCRSOx5k-1I0D0UILHPXNozEC50ZuHf8HEjBLxTFM.js line 2 > eval line 4236 > eval line 1 > eval line 1 > eval, line 1: Error: WebGL warning: <SetDimensions>: Failed to create WebGL context: WebGL creation failed: 
* Can't use WebGL in headless mode (https://bugzil.la/1375585).
JavaScript warning: https://pagead2.googlesyndication.com/bg/1ltCRSOx5k-1I0D0UILHPXNozEC50ZuHf8HEjBLxTFM.js line 2 > eval line 6323 > eval line 1 > eval line 1 > eval, line 1: Error: WebGL warning: <SetDimensions>: Can't use WebGL in headless mode (https://bugzil.la/1375585).
JavaScript warning: https://pagead2.googlesyndication.com/bg/1ltCRSOx5k-1I0D0UILHPXNozEC50ZuHf8HEjBLxTFM.js line 2 > eval line 6323 > eval line 1 > eval line 1 > eval, line 1: Error: WebGL warning: <SetDimensions>: Failed to create WebGL context: WebGL creation failed: 
* Can't use WebGL in headless mode (https://bugzil.la/1375585).
JavaScript warning: https://pagead2.googlesyndication.com/bg/1ltCRSOx5k-1I0D0UILHPXNozEC50ZuHf8HEjBLxTFM.js line 2 > eval line 6209 > eval line 1 > eval line 1 > eval, line 1: Error: WebGL warning: <SetDimensions>: Can't use WebGL in headless mode (https://bugzil.la/1375585).
JavaScript warning: https://pagead2.googlesyndication.com/bg/1ltCRSOx5k-1I0D0UILHPXNozEC50ZuHf8HEjBLxTFM.js line 2 > eval line 6209 > eval line 1 > eval line 1 > eval, line 1: Error: WebGL warning: <SetDimensions>: Failed to create WebGL context: WebGL creation failed: 
* Can't use WebGL in headless mode (https://bugzil.la/1375585).
Exiting due to channel error.
Listening on 127.0.0.1:50064
1676275501049	mozrunner::runner	INFO	Running command: "C:\\Program Files\\Mozilla Firefox\\firefox.exe" "--marionette" "-headless" "--remote-debugging-port" "5006 ... "--remote-allow-hosts" "localhost" "-no-remote" "-profile" "C:\\Users\\DAFFOD~1\\AppData\\Local\\Temp\\rust_mozprofilemNkEGb"
*** You are running in headless mode.
1676275506864	addons.webextension.doh-rollout@mozilla.org	WARN	Loading extension 'doh-rollout@mozilla.org': Reading manifest: Invalid extension permission: networkStatus
1676275507474	addons.webextension.screenshots@mozilla.org	WARN	Loading extension 'screenshots@mozilla.org': Reading manifest: Invalid extension permission: mozillaAddons
1676275507474	addons.webextension.screenshots@mozilla.org	WARN	Loading extension 'screenshots@mozilla.org': Reading manifest: Invalid extension permission: telemetry
1676275507476	addons.webextension.screenshots@mozilla.org	WARN	Loading extension 'screenshots@mozilla.org': Reading manifest: Invalid extension permission: resource://pdf.js/
1676275507477	addons.webextension.screenshots@mozilla.org	WARN	Loading extension 'screenshots@mozilla.org': Reading manifest: Invalid extension permission: about:reader*
JavaScript error: resource://gre/modules/XULStore.jsm, line 66: Error: Can't find profile directory.
JavaScript error: chrome://remote/content/RemoteAgent.jsm, line 36: Error: Remote agent is disabled by preference
1676275519298	Marionette	INFO	Listening on port 50070
DevTools listening on true
1676275519820	Marionette	WARN	TLS certificate errors will be ignored for this session
JavaScript error: https://demo.guru99.com/v4/index.php, line 9: ReferenceError: osdlfm is not defined
JavaScript error: , line 0: uncaught exception: undefined
JavaScript warning: https://pagead2.googlesyndication.com/bg/1ltCRSOx5k-1I0D0UILHPXNozEC50ZuHf8HEjBLxTFM.js line 2 > eval line 5624 > eval line 1 > eval line 1 > eval, line 1: Error: WebGL warning: <SetDimensions>: Can't use WebGL in headless mode (https://bugzil.la/1375585).
JavaScript warning: https://pagead2.googlesyndication.com/bg/1ltCRSOx5k-1I0D0UILHPXNozEC50ZuHf8HEjBLxTFM.js line 2 > eval line 5624 > eval line 1 > eval line 1 > eval, line 1: Error: WebGL warning: <SetDimensions>: Failed to create WebGL context: WebGL creation failed: 
* Can't use WebGL in headless mode (https://bugzil.la/1375585).
JavaScript warning: https://pagead2.googlesyndication.com/bg/1ltCRSOx5k-1I0D0UILHPXNozEC50ZuHf8HEjBLxTFM.js line 2 > eval line 7652 > eval line 1 > eval line 1 > eval, line 1: Error: WebGL warning: <SetDimensions>: Can't use WebGL in headless mode (https://bugzil.la/1375585).
JavaScript warning: https://pagead2.googlesyndication.com/bg/1ltCRSOx5k-1I0D0UILHPXNozEC50ZuHf8HEjBLxTFM.js line 2 > eval line 7652 > eval line 1 > eval line 1 > eval, line 1: Error: WebGL warning: <SetDimensions>: Failed to create WebGL context: WebGL creation failed: 
* Can't use WebGL in headless mode (https://bugzil.la/1375585).
IPDL protocol error: Handler returned error code!

###!!! [Parent][DispatchAsyncMessage] Error: PMessagePort::Msg_PostMessages Processing error: message was deserialized, but the handler returned false (indicating failure)

JavaScript warning: https://pagead2.googlesyndication.com/bg/1ltCRSOx5k-1I0D0UILHPXNozEC50ZuHf8HEjBLxTFM.js line 2 > eval line 1976 > eval line 1 > eval line 1 > eval, line 1: Error: WebGL warning: <SetDimensions>: Can't use WebGL in headless mode (https://bugzil.la/1375585).
JavaScript warning: https://pagead2.googlesyndication.com/bg/1ltCRSOx5k-1I0D0UILHPXNozEC50ZuHf8HEjBLxTFM.js line 2 > eval line 1976 > eval line 1 > eval line 1 > eval, line 1: Error: WebGL warning: <SetDimensions>: Failed to create WebGL context: WebGL creation failed: 
* Can't use WebGL in headless mode (https://bugzil.la/1375585).
JavaScript warning: https://pagead2.googlesyndication.com/bg/1ltCRSOx5k-1I0D0UILHPXNozEC50ZuHf8HEjBLxTFM.js line 2 > eval line 241 > eval line 1 > eval line 1 > eval, line 1: Error: WebGL warning: <SetDimensions>: Can't use WebGL in headless mode (https://bugzil.la/1375585).
JavaScript warning: https://pagead2.googlesyndication.com/bg/1ltCRSOx5k-1I0D0UILHPXNozEC50ZuHf8HEjBLxTFM.js line 2 > eval line 241 > eval line 1 > eval line 1 > eval, line 1: Error: WebGL warning: <SetDimensions>: Failed to create WebGL context: WebGL creation failed: 
* Can't use WebGL in headless mode (https://bugzil.la/1375585).
1676275572315	geckodriver	INFO	Listening on 127.0.0.1:50184
1676275575356	mozrunner::runner	INFO	Running command: "C:\\Program Files\\Mozilla Firefox\\firefox.exe" "--marionette" "-headless" "--remote-debugging-port" "5018 ... "--remote-allow-hosts" "localhost" "-no-remote" "-profile" "C:\\Users\\DAFFOD~1\\AppData\\Local\\Temp\\rust_mozprofileDeURoy"
*** You are running in headless mode.
1676275582834	addons.webextension.doh-rollout@mozilla.org	WARN	Loading extension 'doh-rollout@mozilla.org': Reading manifest: Invalid extension permission: networkStatus
1676275583516	addons.webextension.screenshots@mozilla.org	WARN	Loading extension 'screenshots@mozilla.org': Reading manifest: Invalid extension permission: mozillaAddons
1676275583516	addons.webextension.screenshots@mozilla.org	WARN	Loading extension 'screenshots@mozilla.org': Reading manifest: Invalid extension permission: telemetry
1676275583517	addons.webextension.screenshots@mozilla.org	WARN	Loading extension 'screenshots@mozilla.org': Reading manifest: Invalid extension permission: resource://pdf.js/
1676275583517	addons.webextension.screenshots@mozilla.org	WARN	Loading extension 'screenshots@mozilla.org': Reading manifest: Invalid extension permission: about:reader*
JavaScript error: resource://gre/modules/XULStore.jsm, line 66: Error: Can't find profile directory.
JavaScript error: chrome://remote/content/RemoteAgent.jsm, line 36: Error: Remote agent is disabled by preference
1676275595052	Marionette	INFO	Listening on port 50190
DevTools listening on true
1676275597628	Marionette	WARN	TLS certificate errors will be ignored for this session
JavaScript warning: https://pagead2.googlesyndication.com/bg/1ltCRSOx5k-1I0D0UILHPXNozEC50ZuHf8HEjBLxTFM.js line 2 > eval line 7814 > eval line 1 > eval line 1 > eval, line 1: Error: WebGL warning: <SetDimensions>: Can't use WebGL in headless mode (https://bugzil.la/1375585).
JavaScript warning: https://pagead2.googlesyndication.com/bg/1ltCRSOx5k-1I0D0UILHPXNozEC50ZuHf8HEjBLxTFM.js line 2 > eval line 7814 > eval line 1 > eval line 1 > eval, line 1: Error: WebGL warning: <SetDimensions>: Failed to create WebGL context: WebGL creation failed: 
* Can't use WebGL in headless mode (https://bugzil.la/1375585).
Exiting due to channel error.
1676284236399	geckodriver	INFO	Listening on 127.0.0.1:65117
1676284240251	mozrunner::runner	INFO	Running command: "C:\\Program Files\\Mozilla Firefox\\firefox.exe" "--marionette" "-headless" "--remote-debugging-port" "6511 ... "--remote-allow-hosts" "localhost" "-no-remote" "-profile" "C:\\Users\\DAFFOD~1\\AppData\\Local\\Temp\\rust_mozprofile2lq3bW"
*** You are running in headless mode.
1676284246409	addons.webextension.doh-rollout@mozilla.org	WARN	Loading extension 'doh-rollout@mozilla.org': Reading manifest: Invalid extension permission: networkStatus
1676284247156	addons.webextension.screenshots@mozilla.org	WARN	Loading extension 'screenshots@mozilla.org': Reading manifest: Invalid extension permission: mozillaAddons
1676284247157	addons.webextension.screenshots@mozilla.org	WARN	Loading extension 'screenshots@mozilla.org': Reading manifest: Invalid extension permission: telemetry
1676284247157	addons.webextension.screenshots@mozilla.org	WARN	Loading extension 'screenshots@mozilla.org': Reading manifest: Invalid extension permission: resource://pdf.js/
1676284247158	addons.webextension.screenshots@mozilla.org	WARN	Loading extension 'screenshots@mozilla.org': Reading manifest: Invalid extension permission: about:reader*
JavaScript error: resource://gre/modules/XULStore.jsm, line 66: Error: Can't find profile directory.
[Parent 5708, Gecko_IOThread] WARNING: file z:/task_1579288126/build/src/ipc/chromium/src/base/process_util_win.cc, line 160
JavaScript error: chrome://remote/content/RemoteAgent.jsm, line 36: Error: Remote agent is disabled by preference
1676284272230	Marionette	INFO	Listening on port 65129
DevTools listening on true
1676284272574	Marionette	WARN	TLS certificate errors will be ignored for this session
JavaScript error: https://6a77484e15e5b894d17d5cfc76cfd9a0.safeframe.googlesyndication.com/safeframe/1-0-40/html/container.html, line 1: ReferenceError: googqscp is not defined
JavaScript error: , line 0: uncaught exception: undefined
JavaScript warning: https://pagead2.googlesyndication.com/bg/1ltCRSOx5k-1I0D0UILHPXNozEC50ZuHf8HEjBLxTFM.js line 2 > eval line 2257 > eval line 1 > eval line 1 > eval, line 1: Error: WebGL warning: <SetDimensions>: Can't use WebGL in headless mode (https://bugzil.la/1375585).
JavaScript warning: https://pagead2.googlesyndication.com/bg/1ltCRSOx5k-1I0D0UILHPXNozEC50ZuHf8HEjBLxTFM.js line 2 > eval line 2257 > eval line 1 > eval line 1 > eval, line 1: Error: WebGL warning: <SetDimensions>: Failed to create WebGL context: WebGL creation failed: 
* Can't use WebGL in headless mode (https://bugzil.la/1375585).
IPDL protocol error: Handler returned error code!

###!!! [Parent][DispatchAsyncMessage] Error: PMessagePort::Msg_PostMessages Processing error: message was deserialized, but the handler returned false (indicating failure)

1676284309477	Marionette	WARN	TimedPromise timed out after 500 ms: stacktrace:
bail@chrome://marionette/content/sync.js:237:64
JavaScript warning: https://pagead2.googlesyndication.com/bg/1ltCRSOx5k-1I0D0UILHPXNozEC50ZuHf8HEjBLxTFM.js line 2 > eval line 5363 > eval line 1 > eval line 1 > eval, line 1: Error: WebGL warning: <SetDimensions>: Can't use WebGL in headless mode (https://bugzil.la/1375585).
JavaScript warning: https://pagead2.googlesyndication.com/bg/1ltCRSOx5k-1I0D0UILHPXNozEC50ZuHf8HEjBLxTFM.js line 2 > eval line 5363 > eval line 1 > eval line 1 > eval, line 1: Error: WebGL warning: <SetDimensions>: Failed to create WebGL context: WebGL creation failed: 
* Can't use WebGL in headless mode (https://bugzil.la/1375585).
JavaScript warning: https://pagead2.googlesyndication.com/bg/1ltCRSOx5k-1I0D0UILHPXNozEC50ZuHf8HEjBLxTFM.js line 2 > eval line 6420 > eval line 1 > eval line 1 > eval, line 1: Error: WebGL warning: <SetDimensions>: Can't use WebGL in headless mode (https://bugzil.la/1375585).
JavaScript warning: https://pagead2.googlesyndication.com/bg/1ltCRSOx5k-1I0D0UILHPXNozEC50ZuHf8HEjBLxTFM.js line 2 > eval line 6420 > eval line 1 > eval line 1 > eval, line 1: Error: WebGL warning: <SetDimensions>: Failed to create WebGL context: WebGL creation failed: 
* Can't use WebGL in headless mode (https://bugzil.la/1375585).
1676284854175	geckodriver	INFO	Listening on 127.0.0.1:49295
1676284857801	mozrunner::runner	INFO	Running command: "C:\\Program Files\\Mozilla Firefox\\firefox.exe" "--marionette" "-headless" "--remote-debugging-port" "4929 ... "--remote-allow-hosts" "localhost" "-no-remote" "-profile" "C:\\Users\\DAFFOD~1\\AppData\\Local\\Temp\\rust_mozprofilePShXZC"
*** You are running in headless mode.
1676284859445	addons.webextension.doh-rollout@mozilla.org	WARN	Loading extension 'doh-rollout@mozilla.org': Reading manifest: Invalid extension permission: networkStatus
1676284859849	addons.webextension.screenshots@mozilla.org	WARN	Loading extension 'screenshots@mozilla.org': Reading manifest: Invalid extension permission: mozillaAddons
1676284859849	addons.webextension.screenshots@mozilla.org	WARN	Loading extension 'screenshots@mozilla.org': Reading manifest: Invalid extension permission: telemetry
1676284859850	addons.webextension.screenshots@mozilla.org	WARN	Loading extension 'screenshots@mozilla.org': Reading manifest: Invalid extension permission: resource://pdf.js/
1676284859850	addons.webextension.screenshots@mozilla.org	WARN	Loading extension 'screenshots@mozilla.org': Reading manifest: Invalid extension permission: about:reader*
JavaScript error: resource://gre/modules/XULStore.jsm, line 66: Error: Can't find profile directory.
JavaScript error: chrome://remote/content/RemoteAgent.jsm, line 36: Error: Remote agent is disabled by preference
1676284866716	Marionette	INFO	Listening on port 49302
DevTools listening on true
1676284866891	Marionette	WARN	TLS certificate errors will be ignored for this session
1676284891589	Marionette	WARN	TimedPromise timed out after 500 ms: stacktrace:
bail@chrome://marionette/content/sync.js:237:64
1676284892040	Marionette	INFO	Stopped listening on port 49302
JavaScript error: , line 0: uncaught exception: undefined
1676295203686	geckodriver	INFO	Listening on 127.0.0.1:49940
1676295206474	mozrunner::runner	INFO	Running command: "C:\\Program Files\\Mozilla Firefox\\firefox.exe" "--marionette" "--remote-debugging-port" "49941" "--remote-allow-hosts" "localhost" "-no-remote" "-profile" "C:\\Users\\DAFFOD~1\\AppData\\Local\\Temp\\rust_mozprofilexN8xg4"
1676295210853	addons.webextension.doh-rollout@mozilla.org	WARN	Loading extension 'doh-rollout@mozilla.org': Reading manifest: Invalid extension permission: networkStatus
1676295211549	addons.webextension.screenshots@mozilla.org	WARN	Loading extension 'screenshots@mozilla.org': Reading manifest: Invalid extension permission: mozillaAddons
1676295211549	addons.webextension.screenshots@mozilla.org	WARN	Loading extension 'screenshots@mozilla.org': Reading manifest: Invalid extension permission: telemetry
1676295211550	addons.webextension.screenshots@mozilla.org	WARN	Loading extension 'screenshots@mozilla.org': Reading manifest: Invalid extension permission: resource://pdf.js/
1676295211551	addons.webextension.screenshots@mozilla.org	WARN	Loading extension 'screenshots@mozilla.org': Reading manifest: Invalid extension permission: about:reader*
JavaScript error: resource://gre/modules/XULStore.jsm, line 66: Error: Can't find profile directory.
JavaScript error: chrome://remote/content/RemoteAgent.jsm, line 36: Error: Remote agent is disabled by preference
1676295232818	Marionette	INFO	Listening on port 49946
DevTools listening on true
1676295233395	Marionette	WARN	TLS certificate errors will be ignored for this session
1676295282668	Marionette	INFO	Stopped listening on port 49946
1676295316904	geckodriver	INFO	Listening on 127.0.0.1:50015
1676295320035	mozrunner::runner	INFO	Running command: "C:\\Program Files\\Mozilla Firefox\\firefox.exe" "--marionette" "--remote-debugging-port" "50016" "--remote-allow-hosts" "localhost" "-no-remote" "-profile" "C:\\Users\\DAFFOD~1\\AppData\\Local\\Temp\\rust_mozprofileYtlo3q"
1676295322629	addons.webextension.doh-rollout@mozilla.org	WARN	Loading extension 'doh-rollout@mozilla.org': Reading manifest: Invalid extension permission: networkStatus
1676295323039	addons.webextension.screenshots@mozilla.org	WARN	Loading extension 'screenshots@mozilla.org': Reading manifest: Invalid extension permission: mozillaAddons
1676295323040	addons.webextension.screenshots@mozilla.org	WARN	Loading extension 'screenshots@mozilla.org': Reading manifest: Invalid extension permission: telemetry
1676295323040	addons.webextension.screenshots@mozilla.org	WARN	Loading extension 'screenshots@mozilla.org': Reading manifest: Invalid extension permission: resource://pdf.js/
1676295323041	addons.webextension.screenshots@mozilla.org	WARN	Loading extension 'screenshots@mozilla.org': Reading manifest: Invalid extension permission: about:reader*
JavaScript error: resource://gre/modules/XULStore.jsm, line 66: Error: Can't find profile directory.
JavaScript error: chrome://remote/content/RemoteAgent.jsm, line 36: Error: Remote agent is disabled by preference
1676295329687	Marionette	INFO	Listening on port 50021
DevTools listening on true
1676295330199	Marionette	WARN	TLS certificate errors will be ignored for this session
1676295337043	Marionette	INFO	Stopped listening on port 50021
JavaScript error: resource://gre/modules/UrlClassifierListManager.jsm, line 680: TypeError: this.tablesData[table] is undefined
1676297520009	geckodriver	INFO	Listening on 127.0.0.1:50517
1676297523773	mozrunner::runner	INFO	Running command: "C:\\Program Files\\Mozilla Firefox\\firefox.exe" "--marionette" "--remote-debugging-port" "50518" "--remote-allow-hosts" "localhost" "-no-remote" "-profile" "C:\\Users\\DAFFOD~1\\AppData\\Local\\Temp\\rust_mozprofilevgFlSH"
1676297528493	addons.webextension.doh-rollout@mozilla.org	WARN	Loading extension 'doh-rollout@mozilla.org': Reading manifest: Invalid extension permission: networkStatus
1676297528962	addons.webextension.screenshots@mozilla.org	WARN	Loading extension 'screenshots@mozilla.org': Reading manifest: Invalid extension permission: mozillaAddons
1676297528963	addons.webextension.screenshots@mozilla.org	WARN	Loading extension 'screenshots@mozilla.org': Reading manifest: Invalid extension permission: telemetry
1676297528964	addons.webextension.screenshots@mozilla.org	WARN	Loading extension 'screenshots@mozilla.org': Reading manifest: Invalid extension permission: resource://pdf.js/
1676297528964	addons.webextension.screenshots@mozilla.org	WARN	Loading extension 'screenshots@mozilla.org': Reading manifest: Invalid extension permission: about:reader*
JavaScript error: resource://gre/modules/XULStore.jsm, line 66: Error: Can't find profile directory.
console.error: "Could not write session state file " (new Error("_initWorker called too early! Please read the session file from disk first.", "resource:///modules/sessionstore/SessionFile.jsm", 375)) "_initWorker/<@resource:///modules/sessionstore/SessionFile.jsm:375:15\n_initWorker@resource:///modules/sessionstore/SessionFile.jsm:368:12\n_postToWorker@resource:///modules/sessionstore/SessionFile.jsm:410:16\nwrite@resource:///modules/sessionstore/SessionFile.jsm:448:24\nwrite@resource:///modules/sessionstore/SessionFile.jsm:75:32\n_writeState@resource:///modules/sessionstore/SessionSaver.jsm:360:24\n_saveState@resource:///modules/sessionstore/SessionSaver.jsm:294:17\n_saveStateAsync@resource:///modules/sessionstore/SessionSaver.jsm:344:10\nsaveStateAsyncWhenIdle@resource:///modules/sessionstore/SessionSaver.jsm:191:14\ncallback@resource://gre/modules/Timer.jsm:125:16\n"
[Parent 8148, Gecko_IOThread] WARNING: file z:/task_1579288126/build/src/ipc/chromium/src/base/process_util_win.cc, line 160
JavaScript error: chrome://remote/content/RemoteAgent.jsm, line 36: Error: Remote agent is disabled by preference
1676297553958	Marionette	INFO	Listening on port 50532
DevTools listening on true
1676297554539	Marionette	WARN	TLS certificate errors will be ignored for this session
1676297565371	Marionette	INFO	Stopped listening on port 50532
1676298151330	geckodriver	INFO	Listening on 127.0.0.1:50640
1676298154900	mozrunner::runner	INFO	Running command: "C:\\Program Files\\Mozilla Firefox\\firefox.exe" "--marionette" "--remote-debugging-port" "50641" "--remote-allow-hosts" "localhost" "-no-remote" "-profile" "C:\\Users\\DAFFOD~1\\AppData\\Local\\Temp\\rust_mozprofileqQU2LQ"
1676298160712	addons.webextension.doh-rollout@mozilla.org	WARN	Loading extension 'doh-rollout@mozilla.org': Reading manifest: Invalid extension permission: networkStatus
1676298161148	addons.webextension.screenshots@mozilla.org	WARN	Loading extension 'screenshots@mozilla.org': Reading manifest: Invalid extension permission: mozillaAddons
1676298161149	addons.webextension.screenshots@mozilla.org	WARN	Loading extension 'screenshots@mozilla.org': Reading manifest: Invalid extension permission: telemetry
1676298161149	addons.webextension.screenshots@mozilla.org	WARN	Loading extension 'screenshots@mozilla.org': Reading manifest: Invalid extension permission: resource://pdf.js/
1676298161149	addons.webextension.screenshots@mozilla.org	WARN	Loading extension 'screenshots@mozilla.org': Reading manifest: Invalid extension permission: about:reader*
JavaScript error: resource://gre/modules/XULStore.jsm, line 66: Error: Can't find profile directory.
console.error: "Could not write session state file " (new Error("_initWorker called too early! Please read the session file from disk first.", "resource:///modules/sessionstore/SessionFile.jsm", 375)) "_initWorker/<@resource:///modules/sessionstore/SessionFile.jsm:375:15\n_initWorker@resource:///modules/sessionstore/SessionFile.jsm:368:12\n_postToWorker@resource:///modules/sessionstore/SessionFile.jsm:410:16\nwrite@resource:///modules/sessionstore/SessionFile.jsm:448:24\nwrite@resource:///modules/sessionstore/SessionFile.jsm:75:32\n_writeState@resource:///modules/sessionstore/SessionSaver.jsm:360:24\n_saveState@resource:///modules/sessionstore/SessionSaver.jsm:294:17\n_saveStateAsync@resource:///modules/sessionstore/SessionSaver.jsm:344:10\nsaveStateAsyncWhenIdle@resource:///modules/sessionstore/SessionSaver.jsm:191:14\ncallback@resource://gre/modules/Timer.jsm:125:16\n"
[Parent 6632, Gecko_IOThread] WARNING: file z:/task_1579288126/build/src/ipc/chromium/src/base/process_util_win.cc, line 160
JavaScript error: chrome://remote/content/RemoteAgent.jsm, line 36: Error: Remote agent is disabled by preference
1676298184541	Marionette	INFO	Listening on port 50646
DevTools listening on true
1676298185026	Marionette	WARN	TLS certificate errors will be ignored for this session
JavaScript error: https://static.criteo.net/js/ld/publishertag.ids.js, line 1: TypeError: crypto.randomUUID is not a function
JavaScript error: , line 0: uncaught exception: undefined
[Parent 6632, Gecko_IOThread] WARNING: file z:/task_1579288126/build/src/ipc/chromium/src/base/process_util_win.cc, line 160
1676298287195	Marionette	INFO	Stopped listening on port 50646
